== Request ==
Origin:
vz10: 50.09014,14.41635
vz15: 50.09066,14.42586
vz21: 50.09187,14.41714
vz4: 50.08737,14.41821
c2: 50.080754,14.431580
Destination:
vz12: 50.08929,14.41563
vz18: 50.09249,14.42532
vz1: 50.08724,14.41749
vz6: 50.09123,14.41834
vz17: 50.09007,14.42781
URL:
http://maps.googleapis.com/maps/api/distancematrix/json?origins=50.09014,14.41635|50.09066,14.42586|50.09187,14.41714|50.08737,14.41821|50.080754,14.431580&destinations=50.08929,14.41563|50.09249,14.42532|50.08724,14.41749|50.09123,14.41834|50.09007,14.42781&mode=driving&units=metric&language=cs-CZ

== Response ==
{
   "destination_addresses" : [
      "Široká 1, 110 00 Praha 1, Česká republika",
      "Řásnovka 7, 110 00 Praha 1, Česká republika",
      "Platnéřská 1-2, 110 00 Praha 1, Česká republika",
      "Pařížská 43/30, 110 00 Praha-Praha 1, Česká republika",
      "Revoluční 1006/5, 110 00 Praha-Praha 1, Česká republika"
   ],
   "origin_addresses" : [
      "17. listopadu 1, 110 00 Praha 1, Česká republika",
      "Dlouhá 33, 110 00 Praha 1, Česká republika",
      "Dvořákovo nábřeží 6, 110 00 Praha 1, Česká republika",
      "Platnéřská 110/17, 110 00 Praha-Praha 1, Česká republika",
      "Washingtonova 13, 110 00 Praha 1, Česká republika"
   ],
   "rows" : [
      {
         "elements" : [
            {
               "distance" : {
                  "text" : "0,1 km",
                  "value" : 98
               },
               "duration" : {
                  "text" : "1 min.",
                  "value" : 11
               },
               "status" : "OK"
            },
            {
               "distance" : {
                  "text" : "1,1 km",
                  "value" : 1121
               },
               "duration" : {
                  "text" : "2 min",
                  "value" : 127
               },
               "status" : "OK"
            },
            {
               "distance" : {
                  "text" : "0,5 km",
                  "value" : 507
               },
               "duration" : {
                  "text" : "1 min.",
                  "value" : 79
               },
               "status" : "OK"
            },
            {
               "distance" : {
                  "text" : "0,3 km",
                  "value" : 262
               },
               "duration" : {
                  "text" : "1 min.",
                  "value" : 37
               },
               "status" : "OK"
            },
            {
               "distance" : {
                  "text" : "1,5 km",
                  "value" : 1485
               },
               "duration" : {
                  "text" : "3 min",
                  "value" : 160
               },
               "status" : "OK"
            }
         ]
      },
      {
         "elements" : [
            {
               "distance" : {
                  "text" : "1,1 km",
                  "value" : 1092
               },
               "duration" : {
                  "text" : "3 min",
                  "value" : 205
               },
               "status" : "OK"
            },
            {
               "distance" : {
                  "text" : "0,4 km",
                  "value" : 403
               },
               "duration" : {
                  "text" : "1 min.",
                  "value" : 66
               },
               "status" : "OK"
            },
            {
               "distance" : {
                  "text" : "1,5 km",
                  "value" : 1501
               },
               "duration" : {
                  "text" : "5 min",
                  "value" : 272
               },
               "status" : "OK"
            },
            {
               "distance" : {
                  "text" : "0,7 km",
                  "value" : 744
               },
               "duration" : {
                  "text" : "3 min",
                  "value" : 161
               },
               "status" : "OK"
            },
            {
               "distance" : {
                  "text" : "0,2 km",
                  "value" : 210
               },
               "duration" : {
                  "text" : "1 min.",
                  "value" : 45
               },
               "status" : "OK"
            }
         ]
      },
      {
         "elements" : [
            {
               "distance" : {
                  "text" : "0,4 km",
                  "value" : 411
               },
               "duration" : {
                  "text" : "1 min.",
                  "value" : 51
               },
               "status" : "OK"
            },
            {
               "distance" : {
                  "text" : "1,2 km",
                  "value" : 1208
               },
               "duration" : {
                  "text" : "2 min",
                  "value" : 145
               },
               "status" : "OK"
            },
            {
               "distance" : {
                  "text" : "0,8 km",
                  "value" : 820
               },
               "duration" : {
                  "text" : "2 min",
                  "value" : 118
               },
               "status" : "OK"
            },
            {
               "distance" : {
                  "text" : "0,3 km",
                  "value" : 349
               },
               "duration" : {
                  "text" : "1 min.",
                  "value" : 54
               },
               "status" : "OK"
            },
            {
               "distance" : {
                  "text" : "1,6 km",
                  "value" : 1572
               },
               "duration" : {
                  "text" : "3 min",
                  "value" : 177
               },
               "status" : "OK"
            }
         ]
      },
      {
         "elements" : [
            {
               "distance" : {
                  "text" : "0,4 km",
                  "value" : 438
               },
               "duration" : {
                  "text" : "2 min",
                  "value" : 97
               },
               "status" : "OK"
            },
            {
               "distance" : {
                  "text" : "1,7 km",
                  "value" : 1666
               },
               "duration" : {
                  "text" : "4 min",
                  "value" : 235
               },
               "status" : "OK"
            },
            {
               "distance" : {
                  "text" : "0,7 km",
                  "value" : 718
               },
               "duration" : {
                  "text" : "2 min",
                  "value" : 135
               },
               "status" : "OK"
            },
            {
               "distance" : {
                  "text" : "0,8 km",
                  "value" : 806
               },
               "duration" : {
                  "text" : "2 min",
                  "value" : 144
               },
               "status" : "OK"
            },
            {
               "distance" : {
                  "text" : "1,2 km",
                  "value" : 1177
               },
               "duration" : {
                  "text" : "4 min",
                  "value" : 216
               },
               "status" : "OK"
            }
         ]
      },
      {
         "elements" : [
            {
               "distance" : {
                  "text" : "3,1 km",
                  "value" : 3052
               },
               "duration" : {
                  "text" : "6 min",
                  "value" : 381
               },
               "status" : "OK"
            },
            {
               "distance" : {
                  "text" : "2,9 km",
                  "value" : 2915
               },
               "duration" : {
                  "text" : "6 min",
                  "value" : 343
               },
               "status" : "OK"
            },
            {
               "distance" : {
                  "text" : "3,0 km",
                  "value" : 2995
               },
               "duration" : {
                  "text" : "6 min",
                  "value" : 375
               },
               "status" : "OK"
            },
            {
               "distance" : {
                  "text" : "3,5 km",
                  "value" : 3518
               },
               "duration" : {
                  "text" : "6 min",
                  "value" : 385
               },
               "status" : "OK"
            },
            {
               "distance" : {
                  "text" : "3,1 km",
                  "value" : 3056
               },
               "duration" : {
                  "text" : "6 min",
                  "value" : 354
               },
               "status" : "OK"
            }
         ]
      }
   ],
   "status" : "OK"
}
