== Request ==
Origin:
vz9: 50.09049,14.41545
vz14: 50.09237,14.42597
vz20: 50.09106,14.41578
vz3: 50.08680,14.41776
c1: 50.083638,14.434301
Destination:
vz11: 50.09003,14.41596
vz16: 50.09075,14.42691
vz22: 50.09063,14.42646
vz5: 50.08756,14.41862
c3: 50.108938,14.441199
URL:
http://maps.googleapis.com/maps/api/distancematrix/json?origins=50.09049,14.41545|50.09237,14.42597|50.09106,14.41578|50.08680,14.41776|50.083638,14.434301&destinations=50.09003,14.41596|50.09075,14.42691|50.09063,14.42646|50.08756,14.41862|50.108938,14.441199&mode=driving&units=metric&language=cs-CZ

== Response ==
{
   "destination_addresses" : [
      "17. listopadu 2, 110 00 Praha, Česká republika",
      "Dlouhá 727/39, 110 00 Praha-Praha 1, Česká republika",
      "Dlouhá 35-37, 110 00 Praha 1, Česká republika",
      "Platnéřská 19, 110 00 Praha 1, Česká republika",
      "Nádraží Holešovice, 170 00 Praha-Praha 7, Česká republika"
   ],
   "origin_addresses" : [
      "Na Rejdišti 2, 110 00 Praha 1, Česká republika",
      "Řásnovka 1039/7, 110 00 Praha-Praha 1, Česká republika",
      "Dvořákovo nábřeží 78/4, 110 00 Praha-Praha 1, Česká republika",
      "Mariánské náměstí 158/3, 110 00 Praha-Praha 1, Česká republika",
      "Vrchlického sady, 110 00 Praha 1, Česká republika"
   ],
   "rows" : [
      {
         "elements" : [
            {
               "distance" : {
                  "text" : "0,1 km",
                  "value" : 97
               },
               "duration" : {
                  "text" : "1 min.",
                  "value" : 16
               },
               "status" : "OK"
            },
            {
               "distance" : {
                  "text" : "1,5 km",
                  "value" : 1514
               },
               "duration" : {
                  "text" : "3 min",
                  "value" : 186
               },
               "status" : "OK"
            },
            {
               "distance" : {
                  "text" : "1,5 km",
                  "value" : 1548
               },
               "duration" : {
                  "text" : "3 min",
                  "value" : 191
               },
               "status" : "OK"
            },
            {
               "distance" : {
                  "text" : "0,7 km",
                  "value" : 671
               },
               "duration" : {
                  "text" : "2 min",
                  "value" : 103
               },
               "status" : "OK"
            },
            {
               "distance" : {
                  "text" : "3,7 km",
                  "value" : 3736
               },
               "duration" : {
                  "text" : "8 min",
                  "value" : 456
               },
               "status" : "OK"
            }
         ]
      },
      {
         "elements" : [
            {
               "distance" : {
                  "text" : "2,1 km",
                  "value" : 2108
               },
               "duration" : {
                  "text" : "4 min",
                  "value" : 246
               },
               "status" : "OK"
            },
            {
               "distance" : {
                  "text" : "0,8 km",
                  "value" : 793
               },
               "duration" : {
                  "text" : "2 min",
                  "value" : 119
               },
               "status" : "OK"
            },
            {
               "distance" : {
                  "text" : "0,8 km",
                  "value" : 826
               },
               "duration" : {
                  "text" : "2 min",
                  "value" : 124
               },
               "status" : "OK"
            },
            {
               "distance" : {
                  "text" : "2,7 km",
                  "value" : 2682
               },
               "duration" : {
                  "text" : "6 min",
                  "value" : 334
               },
               "status" : "OK"
            },
            {
               "distance" : {
                  "text" : "3,5 km",
                  "value" : 3489
               },
               "duration" : {
                  "text" : "7 min",
                  "value" : 397
               },
               "status" : "OK"
            }
         ]
      },
      {
         "elements" : [
            {
               "distance" : {
                  "text" : "0,2 km",
                  "value" : 197
               },
               "duration" : {
                  "text" : "1 min.",
                  "value" : 30
               },
               "status" : "OK"
            },
            {
               "distance" : {
                  "text" : "1,6 km",
                  "value" : 1615
               },
               "duration" : {
                  "text" : "3 min",
                  "value" : 200
               },
               "status" : "OK"
            },
            {
               "distance" : {
                  "text" : "1,6 km",
                  "value" : 1648
               },
               "duration" : {
                  "text" : "3 min",
                  "value" : 205
               },
               "status" : "OK"
            },
            {
               "distance" : {
                  "text" : "0,8 km",
                  "value" : 772
               },
               "duration" : {
                  "text" : "2 min",
                  "value" : 117
               },
               "status" : "OK"
            },
            {
               "distance" : {
                  "text" : "3,8 km",
                  "value" : 3836
               },
               "duration" : {
                  "text" : "8 min",
                  "value" : 470
               },
               "status" : "OK"
            }
         ]
      },
      {
         "elements" : [
            {
               "distance" : {
                  "text" : "0,6 km",
                  "value" : 616
               },
               "duration" : {
                  "text" : "3 min",
                  "value" : 157
               },
               "status" : "OK"
            },
            {
               "distance" : {
                  "text" : "1,1 km",
                  "value" : 1132
               },
               "duration" : {
                  "text" : "4 min",
                  "value" : 234
               },
               "status" : "OK"
            },
            {
               "distance" : {
                  "text" : "1,1 km",
                  "value" : 1098
               },
               "duration" : {
                  "text" : "4 min",
                  "value" : 229
               },
               "status" : "OK"
            },
            {
               "distance" : {
                  "text" : "0,9 km",
                  "value" : 896
               },
               "duration" : {
                  "text" : "3 min",
                  "value" : 197
               },
               "status" : "OK"
            },
            {
               "distance" : {
                  "text" : "4,3 km",
                  "value" : 4321
               },
               "duration" : {
                  "text" : "10 min",
                  "value" : 590
               },
               "status" : "OK"
            }
         ]
      },
      {
         "elements" : [
            {
               "distance" : {
                  "text" : "3,5 km",
                  "value" : 3496
               },
               "duration" : {
                  "text" : "5 min",
                  "value" : 322
               },
               "status" : "OK"
            },
            {
               "distance" : {
                  "text" : "2,8 km",
                  "value" : 2837
               },
               "duration" : {
                  "text" : "5 min",
                  "value" : 282
               },
               "status" : "OK"
            },
            {
               "distance" : {
                  "text" : "2,9 km",
                  "value" : 2870
               },
               "duration" : {
                  "text" : "5 min",
                  "value" : 287
               },
               "status" : "OK"
            },
            {
               "distance" : {
                  "text" : "3,4 km",
                  "value" : 3351
               },
               "duration" : {
                  "text" : "7 min",
                  "value" : 394
               },
               "status" : "OK"
            },
            {
               "distance" : {
                  "text" : "3,7 km",
                  "value" : 3739
               },
               "duration" : {
                  "text" : "6 min",
                  "value" : 382
               },
               "status" : "OK"
            }
         ]
      }
   ],
   "status" : "OK"
}
