== Request ==
Origin:
vz17: 50.09007,14.42781
vz6: 50.09123,14.41834
vz1: 50.08724,14.41749
vz18: 50.09249,14.42532
vz12: 50.08929,14.41563
Destination:
c1: 50.083638,14.434301
vz3: 50.08680,14.41776
vz20: 50.09106,14.41578
vz14: 50.09237,14.42597
vz9: 50.09049,14.41545
URL:
http://maps.googleapis.com/maps/api/distancematrix/json?origins=50.09007,14.42781|50.09123,14.41834|50.08724,14.41749|50.09249,14.42532|50.08929,14.41563&destinations=50.083638,14.434301|50.08680,14.41776|50.09106,14.41578|50.09237,14.42597|50.09049,14.41545&mode=driving&units=metric&language=cs-CZ

== Response ==
{
   "destination_addresses" : [
      "Praha hl.n. (Autobusová St. Wilsonova), 110 00 Praha-Praha 1, Česká republika",
      "Mariánské náměstí 158/3, 110 00 Praha-Praha 1, Česká republika",
      "Dvořákovo nábřeží 78/4, 110 00 Praha-Praha 1, Česká republika",
      "Řásnovka 1039/7, 110 00 Praha-Praha 1, Česká republika",
      "Na Rejdišti 2, 110 00 Praha 1, Česká republika"
   ],
   "origin_addresses" : [
      "Revoluční 1006/5, 110 00 Praha-Praha 1, Česká republika",
      "Pařížská 43/30, 110 00 Praha-Praha 1, Česká republika",
      "Platnéřská 1-2, 110 00 Praha 1, Česká republika",
      "Řásnovka 7, 110 00 Praha 1, Česká republika",
      "Široká 1, 110 00 Praha 1, Česká republika"
   ],
   "rows" : [
      {
         "elements" : [
            {
               "distance" : {
                  "text" : "1,6 km",
                  "value" : 1646
               },
               "duration" : {
                  "text" : "4 min",
                  "value" : 265
               },
               "status" : "OK"
            },
            {
               "distance" : {
                  "text" : "2,2 km",
                  "value" : 2174
               },
               "duration" : {
                  "text" : "7 min",
                  "value" : 427
               },
               "status" : "OK"
            },
            {
               "distance" : {
                  "text" : "2,1 km",
                  "value" : 2079
               },
               "duration" : {
                  "text" : "5 min",
                  "value" : 303
               },
               "status" : "OK"
            },
            {
               "distance" : {
                  "text" : "1,0 km",
                  "value" : 983
               },
               "duration" : {
                  "text" : "3 min",
                  "value" : 190
               },
               "status" : "OK"
            },
            {
               "distance" : {
                  "text" : "2,2 km",
                  "value" : 2179
               },
               "duration" : {
                  "text" : "5 min",
                  "value" : 317
               },
               "status" : "OK"
            }
         ]
      },
      {
         "elements" : [
            {
               "distance" : {
                  "text" : "2,8 km",
                  "value" : 2819
               },
               "duration" : {
                  "text" : "5 min",
                  "value" : 298
               },
               "status" : "OK"
            },
            {
               "distance" : {
                  "text" : "0,8 km",
                  "value" : 834
               },
               "duration" : {
                  "text" : "2 min",
                  "value" : 148
               },
               "status" : "OK"
            },
            {
               "distance" : {
                  "text" : "0,3 km",
                  "value" : 278
               },
               "duration" : {
                  "text" : "1 min.",
                  "value" : 51
               },
               "status" : "OK"
            },
            {
               "distance" : {
                  "text" : "0,9 km",
                  "value" : 917
               },
               "duration" : {
                  "text" : "2 min",
                  "value" : 114
               },
               "status" : "OK"
            },
            {
               "distance" : {
                  "text" : "0,4 km",
                  "value" : 379
               },
               "duration" : {
                  "text" : "1 min.",
                  "value" : 65
               },
               "status" : "OK"
            }
         ]
      },
      {
         "elements" : [
            {
               "distance" : {
                  "text" : "3,5 km",
                  "value" : 3485
               },
               "duration" : {
                  "text" : "6 min",
                  "value" : 370
               },
               "status" : "OK"
            },
            {
               "distance" : {
                  "text" : "85 m",
                  "value" : 85
               },
               "duration" : {
                  "text" : "1 min.",
                  "value" : 33
               },
               "status" : "OK"
            },
            {
               "distance" : {
                  "text" : "0,7 km",
                  "value" : 705
               },
               "duration" : {
                  "text" : "2 min",
                  "value" : 117
               },
               "status" : "OK"
            },
            {
               "distance" : {
                  "text" : "1,6 km",
                  "value" : 1582
               },
               "duration" : {
                  "text" : "3 min",
                  "value" : 186
               },
               "status" : "OK"
            },
            {
               "distance" : {
                  "text" : "0,8 km",
                  "value" : 806
               },
               "duration" : {
                  "text" : "2 min",
                  "value" : 131
               },
               "status" : "OK"
            }
         ]
      },
      {
         "elements" : [
            {
               "distance" : {
                  "text" : "2,3 km",
                  "value" : 2260
               },
               "duration" : {
                  "text" : "4 min",
                  "value" : 259
               },
               "status" : "OK"
            },
            {
               "distance" : {
                  "text" : "2,6 km",
                  "value" : 2615
               },
               "duration" : {
                  "text" : "6 min",
                  "value" : 346
               },
               "status" : "OK"
            },
            {
               "distance" : {
                  "text" : "2,0 km",
                  "value" : 1951
               },
               "duration" : {
                  "text" : "4 min",
                  "value" : 211
               },
               "status" : "OK"
            },
            {
               "distance" : {
                  "text" : "0,3 km",
                  "value" : 333
               },
               "duration" : {
                  "text" : "1 min.",
                  "value" : 74
               },
               "status" : "OK"
            },
            {
               "distance" : {
                  "text" : "2,1 km",
                  "value" : 2052
               },
               "duration" : {
                  "text" : "4 min",
                  "value" : 225
               },
               "status" : "OK"
            }
         ]
      },
      {
         "elements" : [
            {
               "distance" : {
                  "text" : "3,1 km",
                  "value" : 3076
               },
               "duration" : {
                  "text" : "5 min",
                  "value" : 314
               },
               "status" : "OK"
            },
            {
               "distance" : {
                  "text" : "0,5 km",
                  "value" : 466
               },
               "duration" : {
                  "text" : "1 min.",
                  "value" : 85
               },
               "status" : "OK"
            },
            {
               "distance" : {
                  "text" : "0,3 km",
                  "value" : 296
               },
               "duration" : {
                  "text" : "1 min.",
                  "value" : 61
               },
               "status" : "OK"
            },
            {
               "distance" : {
                  "text" : "1,2 km",
                  "value" : 1174
               },
               "duration" : {
                  "text" : "2 min",
                  "value" : 130
               },
               "status" : "OK"
            },
            {
               "distance" : {
                  "text" : "0,4 km",
                  "value" : 397
               },
               "duration" : {
                  "text" : "1 min.",
                  "value" : 75
               },
               "status" : "OK"
            }
         ]
      }
   ],
   "status" : "OK"
}
