== Request ==
Origin:
vz11: 50.09003,14.41596
vz16: 50.09075,14.42691
vz22: 50.09063,14.42646
vz5: 50.08756,14.41862
c3: 50.108938,14.441199
Destination:
vz12: 50.08929,14.41563
vz18: 50.09249,14.42532
vz1: 50.08724,14.41749
vz6: 50.09123,14.41834
vz17: 50.09007,14.42781
URL:
http://maps.googleapis.com/maps/api/distancematrix/json?origins=50.09003,14.41596|50.09075,14.42691|50.09063,14.42646|50.08756,14.41862|50.108938,14.441199&destinations=50.08929,14.41563|50.09249,14.42532|50.08724,14.41749|50.09123,14.41834|50.09007,14.42781&mode=driving&units=metric&language=cs-CZ

== Response ==
{
   "destination_addresses" : [
      "Široká 1, 110 00 Praha 1, Česká republika",
      "Řásnovka 7, 110 00 Praha 1, Česká republika",
      "Platnéřská 1-2, 110 00 Praha 1, Česká republika",
      "Pařížská 43/30, 110 00 Praha-Praha 1, Česká republika",
      "Revoluční 1006/5, 110 00 Praha-Praha 1, Česká republika"
   ],
   "origin_addresses" : [
      "17. listopadu 2, 110 00 Praha, Česká republika",
      "Dlouhá 727/39, 110 00 Praha-Praha 1, Česká republika",
      "Dlouhá 35-37, 110 00 Praha 1, Česká republika",
      "Platnéřská 19, 110 00 Praha 1, Česká republika",
      "Nádraží Holešovice, 170 00 Praha-Praha 7, Česká republika"
   ],
   "rows" : [
      {
         "elements" : [
            {
               "distance" : {
                  "text" : "79 m",
                  "value" : 79
               },
               "duration" : {
                  "text" : "1 min.",
                  "value" : 9
               },
               "status" : "OK"
            },
            {
               "distance" : {
                  "text" : "1,1 km",
                  "value" : 1141
               },
               "duration" : {
                  "text" : "2 min",
                  "value" : 129
               },
               "status" : "OK"
            },
            {
               "distance" : {
                  "text" : "0,5 km",
                  "value" : 487
               },
               "duration" : {
                  "text" : "1 min.",
                  "value" : 76
               },
               "status" : "OK"
            },
            {
               "distance" : {
                  "text" : "0,3 km",
                  "value" : 281
               },
               "duration" : {
                  "text" : "1 min.",
                  "value" : 38
               },
               "status" : "OK"
            },
            {
               "distance" : {
                  "text" : "1,5 km",
                  "value" : 1504
               },
               "duration" : {
                  "text" : "3 min",
                  "value" : 162
               },
               "status" : "OK"
            }
         ]
      },
      {
         "elements" : [
            {
               "distance" : {
                  "text" : "1,6 km",
                  "value" : 1568
               },
               "duration" : {
                  "text" : "3 min",
                  "value" : 201
               },
               "status" : "OK"
            },
            {
               "distance" : {
                  "text" : "0,3 km",
                  "value" : 329
               },
               "duration" : {
                  "text" : "1 min.",
                  "value" : 55
               },
               "status" : "OK"
            },
            {
               "distance" : {
                  "text" : "2,0 km",
                  "value" : 1977
               },
               "duration" : {
                  "text" : "4 min",
                  "value" : 268
               },
               "status" : "OK"
            },
            {
               "distance" : {
                  "text" : "0,8 km",
                  "value" : 818
               },
               "duration" : {
                  "text" : "3 min",
                  "value" : 172
               },
               "status" : "OK"
            },
            {
               "distance" : {
                  "text" : "0,1 km",
                  "value" : 136
               },
               "duration" : {
                  "text" : "1 min.",
                  "value" : 33
               },
               "status" : "OK"
            }
         ]
      },
      {
         "elements" : [
            {
               "distance" : {
                  "text" : "1,1 km",
                  "value" : 1133
               },
               "duration" : {
                  "text" : "4 min",
                  "value" : 211
               },
               "status" : "OK"
            },
            {
               "distance" : {
                  "text" : "0,4 km",
                  "value" : 362
               },
               "duration" : {
                  "text" : "1 min.",
                  "value" : 60
               },
               "status" : "OK"
            },
            {
               "distance" : {
                  "text" : "1,5 km",
                  "value" : 1542
               },
               "duration" : {
                  "text" : "5 min",
                  "value" : 279
               },
               "status" : "OK"
            },
            {
               "distance" : {
                  "text" : "0,8 km",
                  "value" : 785
               },
               "duration" : {
                  "text" : "3 min",
                  "value" : 167
               },
               "status" : "OK"
            },
            {
               "distance" : {
                  "text" : "0,2 km",
                  "value" : 169
               },
               "duration" : {
                  "text" : "1 min.",
                  "value" : 38
               },
               "status" : "OK"
            }
         ]
      },
      {
         "elements" : [
            {
               "distance" : {
                  "text" : "0,4 km",
                  "value" : 405
               },
               "duration" : {
                  "text" : "2 min",
                  "value" : 93
               },
               "status" : "OK"
            },
            {
               "distance" : {
                  "text" : "1,6 km",
                  "value" : 1632
               },
               "duration" : {
                  "text" : "4 min",
                  "value" : 231
               },
               "status" : "OK"
            },
            {
               "distance" : {
                  "text" : "0,7 km",
                  "value" : 684
               },
               "duration" : {
                  "text" : "2 min",
                  "value" : 131
               },
               "status" : "OK"
            },
            {
               "distance" : {
                  "text" : "0,8 km",
                  "value" : 773
               },
               "duration" : {
                  "text" : "2 min",
                  "value" : 140
               },
               "status" : "OK"
            },
            {
               "distance" : {
                  "text" : "1,1 km",
                  "value" : 1143
               },
               "duration" : {
                  "text" : "4 min",
                  "value" : 212
               },
               "status" : "OK"
            }
         ]
      },
      {
         "elements" : [
            {
               "distance" : {
                  "text" : "4,1 km",
                  "value" : 4112
               },
               "duration" : {
                  "text" : "7 min",
                  "value" : 448
               },
               "status" : "OK"
            },
            {
               "distance" : {
                  "text" : "3,2 km",
                  "value" : 3240
               },
               "duration" : {
                  "text" : "6 min",
                  "value" : 363
               },
               "status" : "OK"
            },
            {
               "distance" : {
                  "text" : "4,5 km",
                  "value" : 4521
               },
               "duration" : {
                  "text" : "9 min",
                  "value" : 515
               },
               "status" : "OK"
            },
            {
               "distance" : {
                  "text" : "3,9 km",
                  "value" : 3856
               },
               "duration" : {
                  "text" : "7 min",
                  "value" : 429
               },
               "status" : "OK"
            },
            {
               "distance" : {
                  "text" : "3,4 km",
                  "value" : 3382
               },
               "duration" : {
                  "text" : "6 min",
                  "value" : 375
               },
               "status" : "OK"
            }
         ]
      }
   ],
   "status" : "OK"
}
