== Request ==
Origin:
vz8: 50.09124,14.41621
vz13: 50.09250,14.42635
vz19: 50.09226,14.42012
vz2: 50.08686,14.41723
vz7: 50.09109,14.41819
Destination:
vz11: 50.09003,14.41596
vz16: 50.09075,14.42691
vz22: 50.09063,14.42646
vz5: 50.08756,14.41862
c3: 50.108938,14.441199
URL:
http://maps.googleapis.com/maps/api/distancematrix/json?origins=50.09124,14.41621|50.09250,14.42635|50.09226,14.42012|50.08686,14.41723|50.09109,14.41819&destinations=50.09003,14.41596|50.09075,14.42691|50.09063,14.42646|50.08756,14.41862|50.108938,14.441199&mode=driving&units=metric&language=cs-CZ

== Response ==
{
   "destination_addresses" : [
      "17. listopadu 2, 110 00 Praha, Česká republika",
      "Dlouhá 727/39, 110 00 Praha-Praha 1, Česká republika",
      "Dlouhá 35-37, 110 00 Praha 1, Česká republika",
      "Platnéřská 19, 110 00 Praha 1, Česká republika",
      "Nádraží Holešovice, 170 00 Praha-Praha 7, Česká republika"
   ],
   "origin_addresses" : [
      "Břehová 7, 110 00 Praha 1, Česká republika",
      "Řásnovka 7, 110 00 Praha 1, Česká republika",
      "Dušní 886/19, 110 00 Praha-Praha 1, Česká republika",
      "Mariánské náměstí 5, 110 00 Praha 1, Česká republika",
      "Pařížská 205/23, 110 00 Praha-Josefov, Česká republika"
   ],
   "rows" : [
      {
         "elements" : [
            {
               "distance" : {
                  "text" : "0,2 km",
                  "value" : 248
               },
               "duration" : {
                  "text" : "1 min.",
                  "value" : 45
               },
               "status" : "OK"
            },
            {
               "distance" : {
                  "text" : "1,4 km",
                  "value" : 1430
               },
               "duration" : {
                  "text" : "3 min",
                  "value" : 163
               },
               "status" : "OK"
            },
            {
               "distance" : {
                  "text" : "1,5 km",
                  "value" : 1464
               },
               "duration" : {
                  "text" : "3 min",
                  "value" : 168
               },
               "status" : "OK"
            },
            {
               "distance" : {
                  "text" : "0,8 km",
                  "value" : 822
               },
               "duration" : {
                  "text" : "2 min",
                  "value" : 132
               },
               "status" : "OK"
            },
            {
               "distance" : {
                  "text" : "3,7 km",
                  "value" : 3652
               },
               "duration" : {
                  "text" : "7 min",
                  "value" : 434
               },
               "status" : "OK"
            }
         ]
      },
      {
         "elements" : [
            {
               "distance" : {
                  "text" : "2,1 km",
                  "value" : 2136
               },
               "duration" : {
                  "text" : "4 min",
                  "value" : 250
               },
               "status" : "OK"
            },
            {
               "distance" : {
                  "text" : "0,8 km",
                  "value" : 820
               },
               "duration" : {
                  "text" : "2 min",
                  "value" : 123
               },
               "status" : "OK"
            },
            {
               "distance" : {
                  "text" : "0,9 km",
                  "value" : 854
               },
               "duration" : {
                  "text" : "2 min",
                  "value" : 128
               },
               "status" : "OK"
            },
            {
               "distance" : {
                  "text" : "2,7 km",
                  "value" : 2710
               },
               "duration" : {
                  "text" : "6 min",
                  "value" : 337
               },
               "status" : "OK"
            },
            {
               "distance" : {
                  "text" : "3,5 km",
                  "value" : 3516
               },
               "duration" : {
                  "text" : "7 min",
                  "value" : 400
               },
               "status" : "OK"
            }
         ]
      },
      {
         "elements" : [
            {
               "distance" : {
                  "text" : "2,4 km",
                  "value" : 2380
               },
               "duration" : {
                  "text" : "4 min",
                  "value" : 251
               },
               "status" : "OK"
            },
            {
               "distance" : {
                  "text" : "1,1 km",
                  "value" : 1064
               },
               "duration" : {
                  "text" : "2 min",
                  "value" : 124
               },
               "status" : "OK"
            },
            {
               "distance" : {
                  "text" : "1,1 km",
                  "value" : 1098
               },
               "duration" : {
                  "text" : "2 min",
                  "value" : 129
               },
               "status" : "OK"
            },
            {
               "distance" : {
                  "text" : "3,0 km",
                  "value" : 2954
               },
               "duration" : {
                  "text" : "6 min",
                  "value" : 338
               },
               "status" : "OK"
            },
            {
               "distance" : {
                  "text" : "3,8 km",
                  "value" : 3760
               },
               "duration" : {
                  "text" : "7 min",
                  "value" : 401
               },
               "status" : "OK"
            }
         ]
      },
      {
         "elements" : [
            {
               "distance" : {
                  "text" : "0,5 km",
                  "value" : 545
               },
               "duration" : {
                  "text" : "1 min.",
                  "value" : 76
               },
               "status" : "OK"
            },
            {
               "distance" : {
                  "text" : "1,2 km",
                  "value" : 1171
               },
               "duration" : {
                  "text" : "3 min",
                  "value" : 205
               },
               "status" : "OK"
            },
            {
               "distance" : {
                  "text" : "1,1 km",
                  "value" : 1138
               },
               "duration" : {
                  "text" : "3 min",
                  "value" : 200
               },
               "status" : "OK"
            },
            {
               "distance" : {
                  "text" : "0,2 km",
                  "value" : 164
               },
               "duration" : {
                  "text" : "1 min.",
                  "value" : 26
               },
               "status" : "OK"
            },
            {
               "distance" : {
                  "text" : "4,2 km",
                  "value" : 4250
               },
               "duration" : {
                  "text" : "9 min",
                  "value" : 510
               },
               "status" : "OK"
            }
         ]
      },
      {
         "elements" : [
            {
               "distance" : {
                  "text" : "0,3 km",
                  "value" : 286
               },
               "duration" : {
                  "text" : "1 min.",
                  "value" : 39
               },
               "status" : "OK"
            },
            {
               "distance" : {
                  "text" : "1,3 km",
                  "value" : 1311
               },
               "duration" : {
                  "text" : "2 min",
                  "value" : 149
               },
               "status" : "OK"
            },
            {
               "distance" : {
                  "text" : "1,3 km",
                  "value" : 1344
               },
               "duration" : {
                  "text" : "3 min",
                  "value" : 154
               },
               "status" : "OK"
            },
            {
               "distance" : {
                  "text" : "0,9 km",
                  "value" : 861
               },
               "duration" : {
                  "text" : "2 min",
                  "value" : 126
               },
               "status" : "OK"
            },
            {
               "distance" : {
                  "text" : "3,5 km",
                  "value" : 3532
               },
               "duration" : {
                  "text" : "7 min",
                  "value" : 420
               },
               "status" : "OK"
            }
         ]
      }
   ],
   "status" : "OK"
}
