== Request ==
Origin:
vz6: 50.09123,14.41834
vz5: 50.08756,14.41862
vz4: 50.08737,14.41821
vz3: 50.08680,14.41776
vz2: 50.08686,14.41723
Destination:
vz18: 50.09249,14.42532
vz16: 50.09075,14.42691
vz15: 50.09066,14.42586
vz14: 50.09237,14.42597
vz13: 50.09250,14.42635
URL:
http://maps.googleapis.com/maps/api/distancematrix/json?origins=50.09123,14.41834|50.08756,14.41862|50.08737,14.41821|50.08680,14.41776|50.08686,14.41723&destinations=50.09249,14.42532|50.09075,14.42691|50.09066,14.42586|50.09237,14.42597|50.09250,14.42635&mode=driving&units=metric&language=cs-CZ

== Response ==
{
   "destination_addresses" : [
      "Řásnovka 7, 110 00 Praha 1, Česká republika",
      "Dlouhá 727/39, 110 00 Praha-Praha 1, Česká republika",
      "Dlouhá 33, 110 00 Praha 1, Česká republika",
      "Řásnovka 1039/7, 110 00 Praha-Praha 1, Česká republika",
      "Řásnovka 7, 110 00 Praha 1, Česká republika"
   ],
   "origin_addresses" : [
      "Pařížská 43/30, 110 00 Praha-Praha 1, Česká republika",
      "Platnéřská 19, 110 00 Praha 1, Česká republika",
      "Platnéřská 110/17, 110 00 Praha-Praha 1, Česká republika",
      "Mariánské náměstí 158/3, 110 00 Praha-Praha 1, Česká republika",
      "Mariánské náměstí 5, 110 00 Praha 1, Česká republika"
   ],
   "rows" : [
      {
         "elements" : [
            {
               "distance" : {
                  "text" : "1,0 km",
                  "value" : 963
               },
               "duration" : {
                  "text" : "2 min",
                  "value" : 120
               },
               "status" : "OK"
            },
            {
               "distance" : {
                  "text" : "1,3 km",
                  "value" : 1306
               },
               "duration" : {
                  "text" : "3 min",
                  "value" : 153
               },
               "status" : "OK"
            },
            {
               "distance" : {
                  "text" : "1,4 km",
                  "value" : 1380
               },
               "duration" : {
                  "text" : "3 min",
                  "value" : 165
               },
               "status" : "OK"
            },
            {
               "distance" : {
                  "text" : "0,9 km",
                  "value" : 917
               },
               "duration" : {
                  "text" : "2 min",
                  "value" : 114
               },
               "status" : "OK"
            },
            {
               "distance" : {
                  "text" : "0,9 km",
                  "value" : 889
               },
               "duration" : {
                  "text" : "2 min",
                  "value" : 111
               },
               "status" : "OK"
            }
         ]
      },
      {
         "elements" : [
            {
               "distance" : {
                  "text" : "1,6 km",
                  "value" : 1632
               },
               "duration" : {
                  "text" : "4 min",
                  "value" : 231
               },
               "status" : "OK"
            },
            {
               "distance" : {
                  "text" : "1,0 km",
                  "value" : 1007
               },
               "duration" : {
                  "text" : "3 min",
                  "value" : 179
               },
               "status" : "OK"
            },
            {
               "distance" : {
                  "text" : "0,9 km",
                  "value" : 933
               },
               "duration" : {
                  "text" : "3 min",
                  "value" : 168
               },
               "status" : "OK"
            },
            {
               "distance" : {
                  "text" : "1,6 km",
                  "value" : 1586
               },
               "duration" : {
                  "text" : "4 min",
                  "value" : 226
               },
               "status" : "OK"
            },
            {
               "distance" : {
                  "text" : "1,6 km",
                  "value" : 1559
               },
               "duration" : {
                  "text" : "4 min",
                  "value" : 222
               },
               "status" : "OK"
            }
         ]
      },
      {
         "elements" : [
            {
               "distance" : {
                  "text" : "1,7 km",
                  "value" : 1666
               },
               "duration" : {
                  "text" : "4 min",
                  "value" : 235
               },
               "status" : "OK"
            },
            {
               "distance" : {
                  "text" : "1,0 km",
                  "value" : 1041
               },
               "duration" : {
                  "text" : "3 min",
                  "value" : 183
               },
               "status" : "OK"
            },
            {
               "distance" : {
                  "text" : "1,0 km",
                  "value" : 966
               },
               "duration" : {
                  "text" : "3 min",
                  "value" : 172
               },
               "status" : "OK"
            },
            {
               "distance" : {
                  "text" : "1,6 km",
                  "value" : 1620
               },
               "duration" : {
                  "text" : "4 min",
                  "value" : 230
               },
               "status" : "OK"
            },
            {
               "distance" : {
                  "text" : "1,6 km",
                  "value" : 1592
               },
               "duration" : {
                  "text" : "4 min",
                  "value" : 226
               },
               "status" : "OK"
            }
         ]
      },
      {
         "elements" : [
            {
               "distance" : {
                  "text" : "1,8 km",
                  "value" : 1757
               },
               "duration" : {
                  "text" : "5 min",
                  "value" : 286
               },
               "status" : "OK"
            },
            {
               "distance" : {
                  "text" : "1,1 km",
                  "value" : 1132
               },
               "duration" : {
                  "text" : "4 min",
                  "value" : 234
               },
               "status" : "OK"
            },
            {
               "distance" : {
                  "text" : "1,1 km",
                  "value" : 1058
               },
               "duration" : {
                  "text" : "4 min",
                  "value" : 223
               },
               "status" : "OK"
            },
            {
               "distance" : {
                  "text" : "1,7 km",
                  "value" : 1711
               },
               "duration" : {
                  "text" : "5 min",
                  "value" : 281
               },
               "status" : "OK"
            },
            {
               "distance" : {
                  "text" : "1,7 km",
                  "value" : 1684
               },
               "duration" : {
                  "text" : "5 min",
                  "value" : 277
               },
               "status" : "OK"
            }
         ]
      },
      {
         "elements" : [
            {
               "distance" : {
                  "text" : "1,7 km",
                  "value" : 1686
               },
               "duration" : {
                  "text" : "3 min",
                  "value" : 206
               },
               "status" : "OK"
            },
            {
               "distance" : {
                  "text" : "1,2 km",
                  "value" : 1171
               },
               "duration" : {
                  "text" : "3 min",
                  "value" : 205
               },
               "status" : "OK"
            },
            {
               "distance" : {
                  "text" : "1,1 km",
                  "value" : 1097
               },
               "duration" : {
                  "text" : "3 min",
                  "value" : 194
               },
               "status" : "OK"
            },
            {
               "distance" : {
                  "text" : "1,6 km",
                  "value" : 1640
               },
               "duration" : {
                  "text" : "3 min",
                  "value" : 200
               },
               "status" : "OK"
            },
            {
               "distance" : {
                  "text" : "1,6 km",
                  "value" : 1612
               },
               "duration" : {
                  "text" : "3 min",
                  "value" : 197
               },
               "status" : "OK"
            }
         ]
      }
   ],
   "status" : "OK"
}
