== Request ==
Origin:
vz13: 50.09250,14.42635
vz14: 50.09237,14.42597
vz15: 50.09066,14.42586
vz16: 50.09075,14.42691
vz18: 50.09249,14.42532
Destination:
vz7: 50.09109,14.41819
c1: 50.083638,14.434301
c2: 50.080754,14.431580
c3: 50.108938,14.441199
vz17: 50.09007,14.42781
URL:
http://maps.googleapis.com/maps/api/distancematrix/json?origins=50.09250,14.42635|50.09237,14.42597|50.09066,14.42586|50.09075,14.42691|50.09249,14.42532&destinations=50.09109,14.41819|50.083638,14.434301|50.080754,14.431580|50.108938,14.441199|50.09007,14.42781&mode=driving&units=metric&language=cs-CZ

== Response ==
{
   "destination_addresses" : [
      "Pařížská 205/23, 110 00 Praha-Josefov, Česká republika",
      "Praha hl.n. (Autobusová St. Wilsonova), 110 00 Praha-Praha 1, Česká republika",
      "Washingtonova 13, 110 00 Praha 1, Česká republika",
      "Nádraží Holešovice, 170 00 Praha-Praha 7, Česká republika",
      "Revoluční 1006/5, 110 00 Praha-Praha 1, Česká republika"
   ],
   "origin_addresses" : [
      "Řásnovka 7, 110 00 Praha 1, Česká republika",
      "Řásnovka 1039/7, 110 00 Praha-Praha 1, Česká republika",
      "Dlouhá 33, 110 00 Praha 1, Česká republika",
      "Dlouhá 727/39, 110 00 Praha-Praha 1, Česká republika",
      "Řásnovka 7, 110 00 Praha 1, Česká republika"
   ],
   "rows" : [
      {
         "elements" : [
            {
               "distance" : {
                  "text" : "2,0 km",
                  "value" : 1963
               },
               "duration" : {
                  "text" : "4 min",
                  "value" : 232
               },
               "status" : "OK"
            },
            {
               "distance" : {
                  "text" : "2,3 km",
                  "value" : 2334
               },
               "duration" : {
                  "text" : "4 min",
                  "value" : 267
               },
               "status" : "OK"
            },
            {
               "distance" : {
                  "text" : "2,8 km",
                  "value" : 2758
               },
               "duration" : {
                  "text" : "5 min",
                  "value" : 302
               },
               "status" : "OK"
            },
            {
               "distance" : {
                  "text" : "3,5 km",
                  "value" : 3516
               },
               "duration" : {
                  "text" : "7 min",
                  "value" : 400
               },
               "status" : "OK"
            },
            {
               "distance" : {
                  "text" : "0,8 km",
                  "value" : 841
               },
               "duration" : {
                  "text" : "2 min",
                  "value" : 122
               },
               "status" : "OK"
            }
         ]
      },
      {
         "elements" : [
            {
               "distance" : {
                  "text" : "1,9 km",
                  "value" : 1935
               },
               "duration" : {
                  "text" : "4 min",
                  "value" : 228
               },
               "status" : "OK"
            },
            {
               "distance" : {
                  "text" : "2,3 km",
                  "value" : 2306
               },
               "duration" : {
                  "text" : "4 min",
                  "value" : 264
               },
               "status" : "OK"
            },
            {
               "distance" : {
                  "text" : "2,7 km",
                  "value" : 2730
               },
               "duration" : {
                  "text" : "5 min",
                  "value" : 299
               },
               "status" : "OK"
            },
            {
               "distance" : {
                  "text" : "3,5 km",
                  "value" : 3489
               },
               "duration" : {
                  "text" : "7 min",
                  "value" : 397
               },
               "status" : "OK"
            },
            {
               "distance" : {
                  "text" : "0,8 km",
                  "value" : 813
               },
               "duration" : {
                  "text" : "2 min",
                  "value" : 119
               },
               "status" : "OK"
            }
         ]
      },
      {
         "elements" : [
            {
               "distance" : {
                  "text" : "0,7 km",
                  "value" : 727
               },
               "duration" : {
                  "text" : "3 min",
                  "value" : 156
               },
               "status" : "OK"
            },
            {
               "distance" : {
                  "text" : "2,4 km",
                  "value" : 2417
               },
               "duration" : {
                  "text" : "5 min",
                  "value" : 292
               },
               "status" : "OK"
            },
            {
               "distance" : {
                  "text" : "2,8 km",
                  "value" : 2842
               },
               "duration" : {
                  "text" : "5 min",
                  "value" : 327
               },
               "status" : "OK"
            },
            {
               "distance" : {
                  "text" : "3,1 km",
                  "value" : 3101
               },
               "duration" : {
                  "text" : "7 min",
                  "value" : 409
               },
               "status" : "OK"
            },
            {
               "distance" : {
                  "text" : "0,2 km",
                  "value" : 210
               },
               "duration" : {
                  "text" : "1 min.",
                  "value" : 45
               },
               "status" : "OK"
            }
         ]
      },
      {
         "elements" : [
            {
               "distance" : {
                  "text" : "0,8 km",
                  "value" : 802
               },
               "duration" : {
                  "text" : "3 min",
                  "value" : 168
               },
               "status" : "OK"
            },
            {
               "distance" : {
                  "text" : "2,3 km",
                  "value" : 2343
               },
               "duration" : {
                  "text" : "5 min",
                  "value" : 281
               },
               "status" : "OK"
            },
            {
               "distance" : {
                  "text" : "2,8 km",
                  "value" : 2768
               },
               "duration" : {
                  "text" : "5 min",
                  "value" : 315
               },
               "status" : "OK"
            },
            {
               "distance" : {
                  "text" : "3,0 km",
                  "value" : 3027
               },
               "duration" : {
                  "text" : "7 min",
                  "value" : 398
               },
               "status" : "OK"
            },
            {
               "distance" : {
                  "text" : "0,1 km",
                  "value" : 136
               },
               "duration" : {
                  "text" : "1 min.",
                  "value" : 33
               },
               "status" : "OK"
            }
         ]
      },
      {
         "elements" : [
            {
               "distance" : {
                  "text" : "1,9 km",
                  "value" : 1889
               },
               "duration" : {
                  "text" : "4 min",
                  "value" : 223
               },
               "status" : "OK"
            },
            {
               "distance" : {
                  "text" : "2,3 km",
                  "value" : 2260
               },
               "duration" : {
                  "text" : "4 min",
                  "value" : 259
               },
               "status" : "OK"
            },
            {
               "distance" : {
                  "text" : "2,7 km",
                  "value" : 2684
               },
               "duration" : {
                  "text" : "5 min",
                  "value" : 294
               },
               "status" : "OK"
            },
            {
               "distance" : {
                  "text" : "3,4 km",
                  "value" : 3443
               },
               "duration" : {
                  "text" : "7 min",
                  "value" : 391
               },
               "status" : "OK"
            },
            {
               "distance" : {
                  "text" : "0,8 km",
                  "value" : 767
               },
               "duration" : {
                  "text" : "2 min",
                  "value" : 113
               },
               "status" : "OK"
            }
         ]
      }
   ],
   "status" : "OK"
}
