== Request ==
Origin:
vz8: 50.09124,14.41621
vz9: 50.09049,14.41545
vz10: 50.09014,14.41635
vz11: 50.09003,14.41596
vz12: 50.08929,14.41563
Destination:
vz7: 50.09109,14.41819
c1: 50.083638,14.434301
c2: 50.080754,14.431580
c3: 50.108938,14.441199
vz17: 50.09007,14.42781
URL:
http://maps.googleapis.com/maps/api/distancematrix/json?origins=50.09124,14.41621|50.09049,14.41545|50.09014,14.41635|50.09003,14.41596|50.08929,14.41563&destinations=50.09109,14.41819|50.083638,14.434301|50.080754,14.431580|50.108938,14.441199|50.09007,14.42781&mode=driving&units=metric&language=cs-CZ

== Response ==
{
   "destination_addresses" : [
      "Pařížská 205/23, 110 00 Praha-Josefov, Česká republika",
      "Praha hl.n. (Autobusová St. Wilsonova), 110 00 Praha-Praha 1, Česká republika",
      "Washingtonova 13, 110 00 Praha 1, Česká republika",
      "Nádraží Holešovice, 170 00 Praha-Praha 7, Česká republika",
      "Revoluční 1006/5, 110 00 Praha-Praha 1, Česká republika"
   ],
   "origin_addresses" : [
      "Břehová 7, 110 00 Praha 1, Česká republika",
      "Na Rejdišti 2, 110 00 Praha 1, Česká republika",
      "17. listopadu 1, 110 00 Praha 1, Česká republika",
      "17. listopadu 2, 110 00 Praha, Česká republika",
      "Široká 1, 110 00 Praha 1, Česká republika"
   ],
   "rows" : [
      {
         "elements" : [
            {
               "distance" : {
                  "text" : "0,2 km",
                  "value" : 233
               },
               "duration" : {
                  "text" : "1 min.",
                  "value" : 31
               },
               "status" : "OK"
            },
            {
               "distance" : {
                  "text" : "2,9 km",
                  "value" : 2944
               },
               "duration" : {
                  "text" : "5 min",
                  "value" : 308
               },
               "status" : "OK"
            },
            {
               "distance" : {
                  "text" : "3,4 km",
                  "value" : 3368
               },
               "duration" : {
                  "text" : "6 min",
                  "value" : 342
               },
               "status" : "OK"
            },
            {
               "distance" : {
                  "text" : "3,7 km",
                  "value" : 3652
               },
               "duration" : {
                  "text" : "7 min",
                  "value" : 434
               },
               "status" : "OK"
            },
            {
               "distance" : {
                  "text" : "1,5 km",
                  "value" : 1451
               },
               "duration" : {
                  "text" : "3 min",
                  "value" : 162
               },
               "status" : "OK"
            }
         ]
      },
      {
         "elements" : [
            {
               "distance" : {
                  "text" : "0,3 km",
                  "value" : 317
               },
               "duration" : {
                  "text" : "1 min.",
                  "value" : 53
               },
               "status" : "OK"
            },
            {
               "distance" : {
                  "text" : "3,0 km",
                  "value" : 3028
               },
               "duration" : {
                  "text" : "6 min",
                  "value" : 331
               },
               "status" : "OK"
            },
            {
               "distance" : {
                  "text" : "3,5 km",
                  "value" : 3452
               },
               "duration" : {
                  "text" : "6 min",
                  "value" : 365
               },
               "status" : "OK"
            },
            {
               "distance" : {
                  "text" : "3,7 km",
                  "value" : 3736
               },
               "duration" : {
                  "text" : "8 min",
                  "value" : 456
               },
               "status" : "OK"
            },
            {
               "distance" : {
                  "text" : "1,5 km",
                  "value" : 1535
               },
               "duration" : {
                  "text" : "3 min",
                  "value" : 185
               },
               "status" : "OK"
            }
         ]
      },
      {
         "elements" : [
            {
               "distance" : {
                  "text" : "0,3 km",
                  "value" : 267
               },
               "duration" : {
                  "text" : "1 min.",
                  "value" : 29
               },
               "status" : "OK"
            },
            {
               "distance" : {
                  "text" : "3,0 km",
                  "value" : 2978
               },
               "duration" : {
                  "text" : "5 min",
                  "value" : 306
               },
               "status" : "OK"
            },
            {
               "distance" : {
                  "text" : "3,4 km",
                  "value" : 3402
               },
               "duration" : {
                  "text" : "6 min",
                  "value" : 340
               },
               "status" : "OK"
            },
            {
               "distance" : {
                  "text" : "3,7 km",
                  "value" : 3685
               },
               "duration" : {
                  "text" : "7 min",
                  "value" : 432
               },
               "status" : "OK"
            },
            {
               "distance" : {
                  "text" : "1,5 km",
                  "value" : 1485
               },
               "duration" : {
                  "text" : "3 min",
                  "value" : 160
               },
               "status" : "OK"
            }
         ]
      },
      {
         "elements" : [
            {
               "distance" : {
                  "text" : "0,3 km",
                  "value" : 286
               },
               "duration" : {
                  "text" : "1 min.",
                  "value" : 30
               },
               "status" : "OK"
            },
            {
               "distance" : {
                  "text" : "3,0 km",
                  "value" : 2997
               },
               "duration" : {
                  "text" : "5 min",
                  "value" : 307
               },
               "status" : "OK"
            },
            {
               "distance" : {
                  "text" : "3,4 km",
                  "value" : 3422
               },
               "duration" : {
                  "text" : "6 min",
                  "value" : 342
               },
               "status" : "OK"
            },
            {
               "distance" : {
                  "text" : "3,7 km",
                  "value" : 3705
               },
               "duration" : {
                  "text" : "7 min",
                  "value" : 433
               },
               "status" : "OK"
            },
            {
               "distance" : {
                  "text" : "1,5 km",
                  "value" : 1504
               },
               "duration" : {
                  "text" : "3 min",
                  "value" : 162
               },
               "status" : "OK"
            }
         ]
      },
      {
         "elements" : [
            {
               "distance" : {
                  "text" : "0,4 km",
                  "value" : 365
               },
               "duration" : {
                  "text" : "1 min.",
                  "value" : 37
               },
               "status" : "OK"
            },
            {
               "distance" : {
                  "text" : "3,1 km",
                  "value" : 3076
               },
               "duration" : {
                  "text" : "5 min",
                  "value" : 314
               },
               "status" : "OK"
            },
            {
               "distance" : {
                  "text" : "3,5 km",
                  "value" : 3500
               },
               "duration" : {
                  "text" : "6 min",
                  "value" : 349
               },
               "status" : "OK"
            },
            {
               "distance" : {
                  "text" : "3,8 km",
                  "value" : 3784
               },
               "duration" : {
                  "text" : "7 min",
                  "value" : 440
               },
               "status" : "OK"
            },
            {
               "distance" : {
                  "text" : "1,6 km",
                  "value" : 1583
               },
               "duration" : {
                  "text" : "3 min",
                  "value" : 168
               },
               "status" : "OK"
            }
         ]
      }
   ],
   "status" : "OK"
}
