== Request ==
Origin:
c2: 50.080754,14.431580
vz4: 50.08737,14.41821
vz21: 50.09187,14.41714
vz15: 50.09066,14.42586
vz10: 50.09014,14.41635
Destination:
c1: 50.083638,14.434301
vz3: 50.08680,14.41776
vz20: 50.09106,14.41578
vz14: 50.09237,14.42597
vz9: 50.09049,14.41545
URL:
http://maps.googleapis.com/maps/api/distancematrix/json?origins=50.080754,14.431580|50.08737,14.41821|50.09187,14.41714|50.09066,14.42586|50.09014,14.41635&destinations=50.083638,14.434301|50.08680,14.41776|50.09106,14.41578|50.09237,14.42597|50.09049,14.41545&mode=driving&units=metric&language=cs-CZ

== Response ==
{
   "destination_addresses" : [
      "Praha hl.n. (Autobusová St. Wilsonova), 110 00 Praha-Praha 1, Česká republika",
      "Mariánské náměstí 158/3, 110 00 Praha-Praha 1, Česká republika",
      "Dvořákovo nábřeží 78/4, 110 00 Praha-Praha 1, Česká republika",
      "Řásnovka 1039/7, 110 00 Praha-Praha 1, Česká republika",
      "Na Rejdišti 2, 110 00 Praha 1, Česká republika"
   ],
   "origin_addresses" : [
      "Washingtonova 13, 110 00 Praha 1, Česká republika",
      "Platnéřská 110/17, 110 00 Praha-Praha 1, Česká republika",
      "Dvořákovo nábřeží 6, 110 00 Praha 1, Česká republika",
      "Dlouhá 33, 110 00 Praha 1, Česká republika",
      "17. listopadu 1, 110 00 Praha 1, Česká republika"
   ],
   "rows" : [
      {
         "elements" : [
            {
               "distance" : {
                  "text" : "1,1 km",
                  "value" : 1105
               },
               "duration" : {
                  "text" : "4 min",
                  "value" : 226
               },
               "status" : "OK"
            },
            {
               "distance" : {
                  "text" : "3,1 km",
                  "value" : 3060
               },
               "duration" : {
                  "text" : "7 min",
                  "value" : 404
               },
               "status" : "OK"
            },
            {
               "distance" : {
                  "text" : "3,6 km",
                  "value" : 3584
               },
               "duration" : {
                  "text" : "6 min",
                  "value" : 367
               },
               "status" : "OK"
            },
            {
               "distance" : {
                  "text" : "2,9 km",
                  "value" : 2869
               },
               "duration" : {
                  "text" : "6 min",
                  "value" : 338
               },
               "status" : "OK"
            },
            {
               "distance" : {
                  "text" : "3,7 km",
                  "value" : 3685
               },
               "duration" : {
                  "text" : "6 min",
                  "value" : 381
               },
               "status" : "OK"
            }
         ]
      },
      {
         "elements" : [
            {
               "distance" : {
                  "text" : "3,5 km",
                  "value" : 3522
               },
               "duration" : {
                  "text" : "7 min",
                  "value" : 413
               },
               "status" : "OK"
            },
            {
               "distance" : {
                  "text" : "0,8 km",
                  "value" : 783
               },
               "duration" : {
                  "text" : "3 min",
                  "value" : 164
               },
               "status" : "OK"
            },
            {
               "distance" : {
                  "text" : "0,7 km",
                  "value" : 743
               },
               "duration" : {
                  "text" : "3 min",
                  "value" : 160
               },
               "status" : "OK"
            },
            {
               "distance" : {
                  "text" : "1,6 km",
                  "value" : 1620
               },
               "duration" : {
                  "text" : "4 min",
                  "value" : 230
               },
               "status" : "OK"
            },
            {
               "distance" : {
                  "text" : "0,8 km",
                  "value" : 843
               },
               "duration" : {
                  "text" : "3 min",
                  "value" : 174
               },
               "status" : "OK"
            }
         ]
      },
      {
         "elements" : [
            {
               "distance" : {
                  "text" : "3,1 km",
                  "value" : 3065
               },
               "duration" : {
                  "text" : "5 min",
                  "value" : 323
               },
               "status" : "OK"
            },
            {
               "distance" : {
                  "text" : "0,9 km",
                  "value" : 885
               },
               "duration" : {
                  "text" : "2 min",
                  "value" : 146
               },
               "status" : "OK"
            },
            {
               "distance" : {
                  "text" : "0,1 km",
                  "value" : 135
               },
               "duration" : {
                  "text" : "1 min.",
                  "value" : 12
               },
               "status" : "OK"
            },
            {
               "distance" : {
                  "text" : "1,2 km",
                  "value" : 1162
               },
               "duration" : {
                  "text" : "2 min",
                  "value" : 139
               },
               "status" : "OK"
            },
            {
               "distance" : {
                  "text" : "0,2 km",
                  "value" : 236
               },
               "duration" : {
                  "text" : "1 min.",
                  "value" : 26
               },
               "status" : "OK"
            }
         ]
      },
      {
         "elements" : [
            {
               "distance" : {
                  "text" : "2,4 km",
                  "value" : 2417
               },
               "duration" : {
                  "text" : "5 min",
                  "value" : 292
               },
               "status" : "OK"
            },
            {
               "distance" : {
                  "text" : "1,6 km",
                  "value" : 1567
               },
               "duration" : {
                  "text" : "5 min",
                  "value" : 300
               },
               "status" : "OK"
            },
            {
               "distance" : {
                  "text" : "1,5 km",
                  "value" : 1452
               },
               "duration" : {
                  "text" : "3 min",
                  "value" : 174
               },
               "status" : "OK"
            },
            {
               "distance" : {
                  "text" : "0,4 km",
                  "value" : 357
               },
               "duration" : {
                  "text" : "1 min.",
                  "value" : 61
               },
               "status" : "OK"
            },
            {
               "distance" : {
                  "text" : "1,6 km",
                  "value" : 1553
               },
               "duration" : {
                  "text" : "3 min",
                  "value" : 188
               },
               "status" : "OK"
            }
         ]
      },
      {
         "elements" : [
            {
               "distance" : {
                  "text" : "3,0 km",
                  "value" : 2978
               },
               "duration" : {
                  "text" : "5 min",
                  "value" : 306
               },
               "status" : "OK"
            },
            {
               "distance" : {
                  "text" : "0,6 km",
                  "value" : 572
               },
               "duration" : {
                  "text" : "2 min",
                  "value" : 107
               },
               "status" : "OK"
            },
            {
               "distance" : {
                  "text" : "0,2 km",
                  "value" : 198
               },
               "duration" : {
                  "text" : "1 min.",
                  "value" : 53
               },
               "status" : "OK"
            },
            {
               "distance" : {
                  "text" : "1,1 km",
                  "value" : 1075
               },
               "duration" : {
                  "text" : "2 min",
                  "value" : 122
               },
               "status" : "OK"
            },
            {
               "distance" : {
                  "text" : "0,3 km",
                  "value" : 299
               },
               "duration" : {
                  "text" : "1 min.",
                  "value" : 67
               },
               "status" : "OK"
            }
         ]
      }
   ],
   "status" : "OK"
}
