== Request ==
Origin:
vz19: 50.09226,14.42012
vz20: 50.09106,14.41578
vz21: 50.09187,14.41714
vz22: 50.09063,14.42646
vz1: 50.08724,14.41749
Destination:
vz7: 50.09109,14.41819
c1: 50.083638,14.434301
c2: 50.080754,14.431580
c3: 50.108938,14.441199
vz17: 50.09007,14.42781
URL:
http://maps.googleapis.com/maps/api/distancematrix/json?origins=50.09226,14.42012|50.09106,14.41578|50.09187,14.41714|50.09063,14.42646|50.08724,14.41749&destinations=50.09109,14.41819|50.083638,14.434301|50.080754,14.431580|50.108938,14.441199|50.09007,14.42781&mode=driving&units=metric&language=cs-CZ

== Response ==
{
   "destination_addresses" : [
      "Pařížská 205/23, 110 00 Praha-Josefov, Česká republika",
      "Praha hl.n. (Autobusová St. Wilsonova), 110 00 Praha-Praha 1, Česká republika",
      "Washingtonova 13, 110 00 Praha 1, Česká republika",
      "Nádraží Holešovice, 170 00 Praha-Praha 7, Česká republika",
      "Revoluční 1006/5, 110 00 Praha-Praha 1, Česká republika"
   ],
   "origin_addresses" : [
      "Dušní 886/19, 110 00 Praha-Praha 1, Česká republika",
      "Dvořákovo nábřeží 78/4, 110 00 Praha-Praha 1, Česká republika",
      "Dvořákovo nábřeží 6, 110 00 Praha 1, Česká republika",
      "Dlouhá 35-37, 110 00 Praha 1, Česká republika",
      "Platnéřská 1-2, 110 00 Praha 1, Česká republika"
   ],
   "rows" : [
      {
         "elements" : [
            {
               "distance" : {
                  "text" : "2,2 km",
                  "value" : 2207
               },
               "duration" : {
                  "text" : "4 min",
                  "value" : 233
               },
               "status" : "OK"
            },
            {
               "distance" : {
                  "text" : "2,6 km",
                  "value" : 2578
               },
               "duration" : {
                  "text" : "4 min",
                  "value" : 269
               },
               "status" : "OK"
            },
            {
               "distance" : {
                  "text" : "3,0 km",
                  "value" : 3002
               },
               "duration" : {
                  "text" : "5 min",
                  "value" : 304
               },
               "status" : "OK"
            },
            {
               "distance" : {
                  "text" : "3,8 km",
                  "value" : 3760
               },
               "duration" : {
                  "text" : "7 min",
                  "value" : 401
               },
               "status" : "OK"
            },
            {
               "distance" : {
                  "text" : "1,1 km",
                  "value" : 1085
               },
               "duration" : {
                  "text" : "2 min",
                  "value" : 123
               },
               "status" : "OK"
            }
         ]
      },
      {
         "elements" : [
            {
               "distance" : {
                  "text" : "0,4 km",
                  "value" : 418
               },
               "duration" : {
                  "text" : "1 min.",
                  "value" : 67
               },
               "status" : "OK"
            },
            {
               "distance" : {
                  "text" : "3,1 km",
                  "value" : 3128
               },
               "duration" : {
                  "text" : "6 min",
                  "value" : 345
               },
               "status" : "OK"
            },
            {
               "distance" : {
                  "text" : "3,6 km",
                  "value" : 3553
               },
               "duration" : {
                  "text" : "6 min",
                  "value" : 379
               },
               "status" : "OK"
            },
            {
               "distance" : {
                  "text" : "3,8 km",
                  "value" : 3836
               },
               "duration" : {
                  "text" : "8 min",
                  "value" : 470
               },
               "status" : "OK"
            },
            {
               "distance" : {
                  "text" : "1,6 km",
                  "value" : 1635
               },
               "duration" : {
                  "text" : "3 min",
                  "value" : 199
               },
               "status" : "OK"
            }
         ]
      },
      {
         "elements" : [
            {
               "distance" : {
                  "text" : "0,4 km",
                  "value" : 354
               },
               "duration" : {
                  "text" : "1 min.",
                  "value" : 46
               },
               "status" : "OK"
            },
            {
               "distance" : {
                  "text" : "3,1 km",
                  "value" : 3065
               },
               "duration" : {
                  "text" : "5 min",
                  "value" : 323
               },
               "status" : "OK"
            },
            {
               "distance" : {
                  "text" : "3,5 km",
                  "value" : 3489
               },
               "duration" : {
                  "text" : "6 min",
                  "value" : 358
               },
               "status" : "OK"
            },
            {
               "distance" : {
                  "text" : "3,8 km",
                  "value" : 3773
               },
               "duration" : {
                  "text" : "7 min",
                  "value" : 449
               },
               "status" : "OK"
            },
            {
               "distance" : {
                  "text" : "1,6 km",
                  "value" : 1572
               },
               "duration" : {
                  "text" : "3 min",
                  "value" : 177
               },
               "status" : "OK"
            }
         ]
      },
      {
         "elements" : [
            {
               "distance" : {
                  "text" : "0,8 km",
                  "value" : 768
               },
               "duration" : {
                  "text" : "3 min",
                  "value" : 163
               },
               "status" : "OK"
            },
            {
               "distance" : {
                  "text" : "2,4 km",
                  "value" : 2377
               },
               "duration" : {
                  "text" : "5 min",
                  "value" : 286
               },
               "status" : "OK"
            },
            {
               "distance" : {
                  "text" : "2,8 km",
                  "value" : 2801
               },
               "duration" : {
                  "text" : "5 min",
                  "value" : 321
               },
               "status" : "OK"
            },
            {
               "distance" : {
                  "text" : "3,1 km",
                  "value" : 3060
               },
               "duration" : {
                  "text" : "7 min",
                  "value" : 403
               },
               "status" : "OK"
            },
            {
               "distance" : {
                  "text" : "0,2 km",
                  "value" : 169
               },
               "duration" : {
                  "text" : "1 min.",
                  "value" : 38
               },
               "status" : "OK"
            }
         ]
      },
      {
         "elements" : [
            {
               "distance" : {
                  "text" : "0,8 km",
                  "value" : 774
               },
               "duration" : {
                  "text" : "2 min",
                  "value" : 93
               },
               "status" : "OK"
            },
            {
               "distance" : {
                  "text" : "3,5 km",
                  "value" : 3485
               },
               "duration" : {
                  "text" : "6 min",
                  "value" : 370
               },
               "status" : "OK"
            },
            {
               "distance" : {
                  "text" : "3,9 km",
                  "value" : 3909
               },
               "duration" : {
                  "text" : "7 min",
                  "value" : 405
               },
               "status" : "OK"
            },
            {
               "distance" : {
                  "text" : "4,2 km",
                  "value" : 4193
               },
               "duration" : {
                  "text" : "8 min",
                  "value" : 496
               },
               "status" : "OK"
            },
            {
               "distance" : {
                  "text" : "2,0 km",
                  "value" : 1992
               },
               "duration" : {
                  "text" : "4 min",
                  "value" : 224
               },
               "status" : "OK"
            }
         ]
      }
   ],
   "status" : "OK"
}
