== Request ==
Origin:
vz8: 50.09124,14.41621
vz13: 50.09250,14.42635
vz19: 50.09226,14.42012
vz2: 50.08686,14.41723
vz7: 50.09109,14.41819
Destination:
vz12: 50.08929,14.41563
vz18: 50.09249,14.42532
vz1: 50.08724,14.41749
vz6: 50.09123,14.41834
vz17: 50.09007,14.42781
URL:
http://maps.googleapis.com/maps/api/distancematrix/json?origins=50.09124,14.41621|50.09250,14.42635|50.09226,14.42012|50.08686,14.41723|50.09109,14.41819&destinations=50.08929,14.41563|50.09249,14.42532|50.08724,14.41749|50.09123,14.41834|50.09007,14.42781&mode=driving&units=metric&language=cs-CZ

== Response ==
{
   "destination_addresses" : [
      "Široká 1, 110 00 Praha 1, Česká republika",
      "Řásnovka 7, 110 00 Praha 1, Česká republika",
      "Platnéřská 1-2, 110 00 Praha 1, Česká republika",
      "Pařížská 43/30, 110 00 Praha-Praha 1, Česká republika",
      "Revoluční 1006/5, 110 00 Praha-Praha 1, Česká republika"
   ],
   "origin_addresses" : [
      "Břehová 7, 110 00 Praha 1, Česká republika",
      "Řásnovka 7, 110 00 Praha 1, Česká republika",
      "Dušní 886/19, 110 00 Praha-Praha 1, Česká republika",
      "Mariánské náměstí 5, 110 00 Praha 1, Česká republika",
      "Pařížská 205/23, 110 00 Praha-Josefov, Česká republika"
   ],
   "rows" : [
      {
         "elements" : [
            {
               "distance" : {
                  "text" : "0,3 km",
                  "value" : 326
               },
               "duration" : {
                  "text" : "1 min.",
                  "value" : 53
               },
               "status" : "OK"
            },
            {
               "distance" : {
                  "text" : "1,1 km",
                  "value" : 1087
               },
               "duration" : {
                  "text" : "2 min",
                  "value" : 130
               },
               "status" : "OK"
            },
            {
               "distance" : {
                  "text" : "0,7 km",
                  "value" : 735
               },
               "duration" : {
                  "text" : "2 min",
                  "value" : 121
               },
               "status" : "OK"
            },
            {
               "distance" : {
                  "text" : "0,2 km",
                  "value" : 228
               },
               "duration" : {
                  "text" : "1 min.",
                  "value" : 39
               },
               "status" : "OK"
            },
            {
               "distance" : {
                  "text" : "1,5 km",
                  "value" : 1451
               },
               "duration" : {
                  "text" : "3 min",
                  "value" : 162
               },
               "status" : "OK"
            }
         ]
      },
      {
         "elements" : [
            {
               "distance" : {
                  "text" : "2,2 km",
                  "value" : 2214
               },
               "duration" : {
                  "text" : "4 min",
                  "value" : 259
               },
               "status" : "OK"
            },
            {
               "distance" : {
                  "text" : "74 m",
                  "value" : 74
               },
               "duration" : {
                  "text" : "1 min.",
                  "value" : 9
               },
               "status" : "OK"
            },
            {
               "distance" : {
                  "text" : "2,6 km",
                  "value" : 2623
               },
               "duration" : {
                  "text" : "5 min",
                  "value" : 326
               },
               "status" : "OK"
            },
            {
               "distance" : {
                  "text" : "2,0 km",
                  "value" : 1958
               },
               "duration" : {
                  "text" : "4 min",
                  "value" : 240
               },
               "status" : "OK"
            },
            {
               "distance" : {
                  "text" : "0,8 km",
                  "value" : 841
               },
               "duration" : {
                  "text" : "2 min",
                  "value" : 122
               },
               "status" : "OK"
            }
         ]
      },
      {
         "elements" : [
            {
               "distance" : {
                  "text" : "2,5 km",
                  "value" : 2458
               },
               "duration" : {
                  "text" : "4 min",
                  "value" : 260
               },
               "status" : "OK"
            },
            {
               "distance" : {
                  "text" : "0,7 km",
                  "value" : 721
               },
               "duration" : {
                  "text" : "2 min",
                  "value" : 91
               },
               "status" : "OK"
            },
            {
               "distance" : {
                  "text" : "2,9 km",
                  "value" : 2867
               },
               "duration" : {
                  "text" : "5 min",
                  "value" : 327
               },
               "status" : "OK"
            },
            {
               "distance" : {
                  "text" : "2,2 km",
                  "value" : 2202
               },
               "duration" : {
                  "text" : "4 min",
                  "value" : 241
               },
               "status" : "OK"
            },
            {
               "distance" : {
                  "text" : "1,1 km",
                  "value" : 1085
               },
               "duration" : {
                  "text" : "2 min",
                  "value" : 123
               },
               "status" : "OK"
            }
         ]
      },
      {
         "elements" : [
            {
               "distance" : {
                  "text" : "0,5 km",
                  "value" : 458
               },
               "duration" : {
                  "text" : "1 min.",
                  "value" : 68
               },
               "status" : "OK"
            },
            {
               "distance" : {
                  "text" : "1,7 km",
                  "value" : 1686
               },
               "duration" : {
                  "text" : "3 min",
                  "value" : 206
               },
               "status" : "OK"
            },
            {
               "distance" : {
                  "text" : "77 m",
                  "value" : 77
               },
               "duration" : {
                  "text" : "1 min.",
                  "value" : 16
               },
               "status" : "OK"
            },
            {
               "distance" : {
                  "text" : "0,8 km",
                  "value" : 826
               },
               "duration" : {
                  "text" : "2 min",
                  "value" : 115
               },
               "status" : "OK"
            },
            {
               "distance" : {
                  "text" : "2,0 km",
                  "value" : 2049
               },
               "duration" : {
                  "text" : "4 min",
                  "value" : 238
               },
               "status" : "OK"
            }
         ]
      },
      {
         "elements" : [
            {
               "distance" : {
                  "text" : "0,4 km",
                  "value" : 365
               },
               "duration" : {
                  "text" : "1 min.",
                  "value" : 48
               },
               "status" : "OK"
            },
            {
               "distance" : {
                  "text" : "1,0 km",
                  "value" : 968
               },
               "duration" : {
                  "text" : "2 min",
                  "value" : 116
               },
               "status" : "OK"
            },
            {
               "distance" : {
                  "text" : "0,8 km",
                  "value" : 774
               },
               "duration" : {
                  "text" : "2 min",
                  "value" : 116
               },
               "status" : "OK"
            },
            {
               "distance" : {
                  "text" : "16 m",
                  "value" : 16
               },
               "duration" : {
                  "text" : "1 min.",
                  "value" : 4
               },
               "status" : "OK"
            },
            {
               "distance" : {
                  "text" : "1,3 km",
                  "value" : 1331
               },
               "duration" : {
                  "text" : "2 min",
                  "value" : 148
               },
               "status" : "OK"
            }
         ]
      }
   ],
   "status" : "OK"
}
