== Request ==
Origin:
c2: 50.080754,14.431580
vz4: 50.08737,14.41821
vz21: 50.09187,14.41714
vz15: 50.09066,14.42586
vz10: 50.09014,14.41635
Destination:
vz7: 50.09109,14.41819
vz2: 50.08686,14.41723
vz19: 50.09226,14.42012
vz13: 50.09250,14.42635
vz8: 50.09124,14.41621
URL:
http://maps.googleapis.com/maps/api/distancematrix/json?origins=50.080754,14.431580|50.08737,14.41821|50.09187,14.41714|50.09066,14.42586|50.09014,14.41635&destinations=50.09109,14.41819|50.08686,14.41723|50.09226,14.42012|50.09250,14.42635|50.09124,14.41621&mode=driving&units=metric&language=cs-CZ

== Response ==
{
   "destination_addresses" : [
      "Pařížská 205/23, 110 00 Praha-Josefov, Česká republika",
      "Mariánské náměstí 5, 110 00 Praha 1, Česká republika",
      "Dušní 886/19, 110 00 Praha-Praha 1, Česká republika",
      "Řásnovka 7, 110 00 Praha 1, Česká republika",
      "Břehová 7, 110 00 Praha 1, Česká republika"
   ],
   "origin_addresses" : [
      "Washingtonova 13, 110 00 Praha 1, Česká republika",
      "Platnéřská 110/17, 110 00 Praha-Praha 1, Česká republika",
      "Dvořákovo nábřeží 6, 110 00 Praha 1, Česká republika",
      "Dlouhá 33, 110 00 Praha 1, Česká republika",
      "17. listopadu 1, 110 00 Praha 1, Česká republika"
   ],
   "rows" : [
      {
         "elements" : [
            {
               "distance" : {
                  "text" : "3,5 km",
                  "value" : 3523
               },
               "duration" : {
                  "text" : "6 min",
                  "value" : 377
               },
               "status" : "OK"
            },
            {
               "distance" : {
                  "text" : "3,6 km",
                  "value" : 3593
               },
               "duration" : {
                  "text" : "9 min",
                  "value" : 529
               },
               "status" : "OK"
            },
            {
               "distance" : {
                  "text" : "3,8 km",
                  "value" : 3839
               },
               "duration" : {
                  "text" : "7 min",
                  "value" : 437
               },
               "status" : "OK"
            },
            {
               "distance" : {
                  "text" : "2,8 km",
                  "value" : 2841
               },
               "duration" : {
                  "text" : "6 min",
                  "value" : 335
               },
               "status" : "OK"
            },
            {
               "distance" : {
                  "text" : "3,6 km",
                  "value" : 3570
               },
               "duration" : {
                  "text" : "6 min",
                  "value" : 370
               },
               "status" : "OK"
            }
         ]
      },
      {
         "elements" : [
            {
               "distance" : {
                  "text" : "0,8 km",
                  "value" : 811
               },
               "duration" : {
                  "text" : "2 min",
                  "value" : 136
               },
               "status" : "OK"
            },
            {
               "distance" : {
                  "text" : "2,7 km",
                  "value" : 2682
               },
               "duration" : {
                  "text" : "7 min",
                  "value" : 440
               },
               "status" : "OK"
            },
            {
               "distance" : {
                  "text" : "1,1 km",
                  "value" : 1059
               },
               "duration" : {
                  "text" : "3 min",
                  "value" : 163
               },
               "status" : "OK"
            },
            {
               "distance" : {
                  "text" : "1,6 km",
                  "value" : 1592
               },
               "duration" : {
                  "text" : "4 min",
                  "value" : 226
               },
               "status" : "OK"
            },
            {
               "distance" : {
                  "text" : "0,7 km",
                  "value" : 693
               },
               "duration" : {
                  "text" : "2 min",
                  "value" : 145
               },
               "status" : "OK"
            }
         ]
      },
      {
         "elements" : [
            {
               "distance" : {
                  "text" : "0,4 km",
                  "value" : 354
               },
               "duration" : {
                  "text" : "1 min.",
                  "value" : 46
               },
               "status" : "OK"
            },
            {
               "distance" : {
                  "text" : "2,8 km",
                  "value" : 2785
               },
               "duration" : {
                  "text" : "7 min",
                  "value" : 422
               },
               "status" : "OK"
            },
            {
               "distance" : {
                  "text" : "0,6 km",
                  "value" : 602
               },
               "duration" : {
                  "text" : "1 min.",
                  "value" : 73
               },
               "status" : "OK"
            },
            {
               "distance" : {
                  "text" : "1,1 km",
                  "value" : 1135
               },
               "duration" : {
                  "text" : "2 min",
                  "value" : 136
               },
               "status" : "OK"
            },
            {
               "distance" : {
                  "text" : "0,1 km",
                  "value" : 121
               },
               "duration" : {
                  "text" : "1 min.",
                  "value" : 15
               },
               "status" : "OK"
            }
         ]
      },
      {
         "elements" : [
            {
               "distance" : {
                  "text" : "0,7 km",
                  "value" : 727
               },
               "duration" : {
                  "text" : "3 min",
                  "value" : 156
               },
               "status" : "OK"
            },
            {
               "distance" : {
                  "text" : "3,5 km",
                  "value" : 3466
               },
               "duration" : {
                  "text" : "10 min",
                  "value" : 576
               },
               "status" : "OK"
            },
            {
               "distance" : {
                  "text" : "0,8 km",
                  "value" : 813
               },
               "duration" : {
                  "text" : "3 min",
                  "value" : 176
               },
               "status" : "OK"
            },
            {
               "distance" : {
                  "text" : "0,3 km",
                  "value" : 329
               },
               "duration" : {
                  "text" : "1 min.",
                  "value" : 58
               },
               "status" : "OK"
            },
            {
               "distance" : {
                  "text" : "1,4 km",
                  "value" : 1438
               },
               "duration" : {
                  "text" : "3 min",
                  "value" : 178
               },
               "status" : "OK"
            }
         ]
      },
      {
         "elements" : [
            {
               "distance" : {
                  "text" : "0,3 km",
                  "value" : 267
               },
               "duration" : {
                  "text" : "1 min.",
                  "value" : 29
               },
               "status" : "OK"
            },
            {
               "distance" : {
                  "text" : "2,5 km",
                  "value" : 2472
               },
               "duration" : {
                  "text" : "6 min",
                  "value" : 383
               },
               "status" : "OK"
            },
            {
               "distance" : {
                  "text" : "0,5 km",
                  "value" : 514
               },
               "duration" : {
                  "text" : "1 min.",
                  "value" : 56
               },
               "status" : "OK"
            },
            {
               "distance" : {
                  "text" : "1,0 km",
                  "value" : 1048
               },
               "duration" : {
                  "text" : "2 min",
                  "value" : 119
               },
               "status" : "OK"
            },
            {
               "distance" : {
                  "text" : "0,1 km",
                  "value" : 148
               },
               "duration" : {
                  "text" : "1 min.",
                  "value" : 38
               },
               "status" : "OK"
            }
         ]
      }
   ],
   "status" : "OK"
}
