== Request ==
Origin:
vz19: 50.09226,14.42012
vz20: 50.09106,14.41578
vz21: 50.09187,14.41714
vz22: 50.09063,14.42646
vz1: 50.08724,14.41749
Destination:
vz2: 50.08686,14.41723
vz3: 50.08680,14.41776
vz4: 50.08737,14.41821
vz5: 50.08756,14.41862
vz6: 50.09123,14.41834
URL:
http://maps.googleapis.com/maps/api/distancematrix/json?origins=50.09226,14.42012|50.09106,14.41578|50.09187,14.41714|50.09063,14.42646|50.08724,14.41749&destinations=50.08686,14.41723|50.08680,14.41776|50.08737,14.41821|50.08756,14.41862|50.09123,14.41834&mode=driving&units=metric&language=cs-CZ

== Response ==
{
   "destination_addresses" : [
      "Mariánské náměstí 5, 110 00 Praha 1, Česká republika",
      "Mariánské náměstí 158/3, 110 00 Praha-Praha 1, Česká republika",
      "Platnéřská 110/17, 110 00 Praha-Praha 1, Česká republika",
      "Platnéřská 19, 110 00 Praha 1, Česká republika",
      "Pařížská 43/30, 110 00 Praha-Praha 1, Česká republika"
   ],
   "origin_addresses" : [
      "Dušní 886/19, 110 00 Praha-Praha 1, Česká republika",
      "Dvořákovo nábřeží 78/4, 110 00 Praha-Praha 1, Česká republika",
      "Dvořákovo nábřeží 6, 110 00 Praha 1, Česká republika",
      "Dlouhá 35-37, 110 00 Praha 1, Česká republika",
      "Platnéřská 1-2, 110 00 Praha 1, Česká republika"
   ],
   "rows" : [
      {
         "elements" : [
            {
               "distance" : {
                  "text" : "4,8 km",
                  "value" : 4832
               },
               "duration" : {
                  "text" : "11 min",
                  "value" : 632
               },
               "status" : "OK"
            },
            {
               "distance" : {
                  "text" : "2,9 km",
                  "value" : 2932
               },
               "duration" : {
                  "text" : "6 min",
                  "value" : 356
               },
               "status" : "OK"
            },
            {
               "distance" : {
                  "text" : "2,9 km",
                  "value" : 2921
               },
               "duration" : {
                  "text" : "6 min",
                  "value" : 334
               },
               "status" : "OK"
            },
            {
               "distance" : {
                  "text" : "3,0 km",
                  "value" : 2954
               },
               "duration" : {
                  "text" : "6 min",
                  "value" : 338
               },
               "status" : "OK"
            },
            {
               "distance" : {
                  "text" : "2,2 km",
                  "value" : 2202
               },
               "duration" : {
                  "text" : "4 min",
                  "value" : 241
               },
               "status" : "OK"
            }
         ]
      },
      {
         "elements" : [
            {
               "distance" : {
                  "text" : "2,6 km",
                  "value" : 2649
               },
               "duration" : {
                  "text" : "7 min",
                  "value" : 410
               },
               "status" : "OK"
            },
            {
               "distance" : {
                  "text" : "0,8 km",
                  "value" : 750
               },
               "duration" : {
                  "text" : "2 min",
                  "value" : 134
               },
               "status" : "OK"
            },
            {
               "distance" : {
                  "text" : "0,7 km",
                  "value" : 738
               },
               "duration" : {
                  "text" : "2 min",
                  "value" : 113
               },
               "status" : "OK"
            },
            {
               "distance" : {
                  "text" : "0,8 km",
                  "value" : 772
               },
               "duration" : {
                  "text" : "2 min",
                  "value" : 117
               },
               "status" : "OK"
            },
            {
               "distance" : {
                  "text" : "0,4 km",
                  "value" : 413
               },
               "duration" : {
                  "text" : "1 min.",
                  "value" : 75
               },
               "status" : "OK"
            }
         ]
      },
      {
         "elements" : [
            {
               "distance" : {
                  "text" : "2,8 km",
                  "value" : 2785
               },
               "duration" : {
                  "text" : "7 min",
                  "value" : 422
               },
               "status" : "OK"
            },
            {
               "distance" : {
                  "text" : "0,9 km",
                  "value" : 885
               },
               "duration" : {
                  "text" : "2 min",
                  "value" : 146
               },
               "status" : "OK"
            },
            {
               "distance" : {
                  "text" : "0,9 km",
                  "value" : 874
               },
               "duration" : {
                  "text" : "2 min",
                  "value" : 125
               },
               "status" : "OK"
            },
            {
               "distance" : {
                  "text" : "0,9 km",
                  "value" : 907
               },
               "duration" : {
                  "text" : "2 min",
                  "value" : 129
               },
               "status" : "OK"
            },
            {
               "distance" : {
                  "text" : "0,3 km",
                  "value" : 349
               },
               "duration" : {
                  "text" : "1 min.",
                  "value" : 54
               },
               "status" : "OK"
            }
         ]
      },
      {
         "elements" : [
            {
               "distance" : {
                  "text" : "3,5 km",
                  "value" : 3507
               },
               "duration" : {
                  "text" : "10 min",
                  "value" : 583
               },
               "status" : "OK"
            },
            {
               "distance" : {
                  "text" : "1,6 km",
                  "value" : 1607
               },
               "duration" : {
                  "text" : "5 min",
                  "value" : 307
               },
               "status" : "OK"
            },
            {
               "distance" : {
                  "text" : "1,6 km",
                  "value" : 1596
               },
               "duration" : {
                  "text" : "5 min",
                  "value" : 285
               },
               "status" : "OK"
            },
            {
               "distance" : {
                  "text" : "1,6 km",
                  "value" : 1629
               },
               "duration" : {
                  "text" : "5 min",
                  "value" : 289
               },
               "status" : "OK"
            },
            {
               "distance" : {
                  "text" : "0,8 km",
                  "value" : 785
               },
               "duration" : {
                  "text" : "3 min",
                  "value" : 167
               },
               "status" : "OK"
            }
         ]
      },
      {
         "elements" : [
            {
               "distance" : {
                  "text" : "2,3 km",
                  "value" : 2308
               },
               "duration" : {
                  "text" : "6 min",
                  "value" : 361
               },
               "status" : "OK"
            },
            {
               "distance" : {
                  "text" : "85 m",
                  "value" : 85
               },
               "duration" : {
                  "text" : "1 min.",
                  "value" : 33
               },
               "status" : "OK"
            },
            {
               "distance" : {
                  "text" : "53 m",
                  "value" : 53
               },
               "duration" : {
                  "text" : "1 min.",
                  "value" : 7
               },
               "status" : "OK"
            },
            {
               "distance" : {
                  "text" : "87 m",
                  "value" : 87
               },
               "duration" : {
                  "text" : "1 min.",
                  "value" : 11
               },
               "status" : "OK"
            },
            {
               "distance" : {
                  "text" : "0,8 km",
                  "value" : 769
               },
               "duration" : {
                  "text" : "2 min",
                  "value" : 101
               },
               "status" : "OK"
            }
         ]
      }
   ],
   "status" : "OK"
}
