== Request ==
Origin:
vz6: 50.09123,14.41834
vz5: 50.08756,14.41862
vz4: 50.08737,14.41821
vz3: 50.08680,14.41776
vz2: 50.08686,14.41723
Destination:
vz1: 50.08724,14.41749
vz22: 50.09063,14.42646
vz21: 50.09187,14.41714
vz20: 50.09106,14.41578
vz19: 50.09226,14.42012
URL:
http://maps.googleapis.com/maps/api/distancematrix/json?origins=50.09123,14.41834|50.08756,14.41862|50.08737,14.41821|50.08680,14.41776|50.08686,14.41723&destinations=50.08724,14.41749|50.09063,14.42646|50.09187,14.41714|50.09106,14.41578|50.09226,14.42012&mode=driving&units=metric&language=cs-CZ

== Response ==
{
   "destination_addresses" : [
      "Platnéřská 1-2, 110 00 Praha 1, Česká republika",
      "Dlouhá 35-37, 110 00 Praha 1, Česká republika",
      "Dvořákovo nábřeží 6, 110 00 Praha 1, Česká republika",
      "Dvořákovo nábřeží 78/4, 110 00 Praha-Praha 1, Česká republika",
      "Dušní 886/19, 110 00 Praha-Praha 1, Česká republika"
   ],
   "origin_addresses" : [
      "Pařížská 43/30, 110 00 Praha-Praha 1, Česká republika",
      "Platnéřská 19, 110 00 Praha 1, Česká republika",
      "Platnéřská 110/17, 110 00 Praha-Praha 1, Česká republika",
      "Mariánské náměstí 158/3, 110 00 Praha-Praha 1, Česká republika",
      "Mariánské náměstí 5, 110 00 Praha 1, Česká republika"
   ],
   "rows" : [
      {
         "elements" : [
            {
               "distance" : {
                  "text" : "0,8 km",
                  "value" : 769
               },
               "duration" : {
                  "text" : "2 min",
                  "value" : 119
               },
               "status" : "OK"
            },
            {
               "distance" : {
                  "text" : "1,3 km",
                  "value" : 1339
               },
               "duration" : {
                  "text" : "3 min",
                  "value" : 158
               },
               "status" : "OK"
            },
            {
               "distance" : {
                  "text" : "0,2 km",
                  "value" : 169
               },
               "duration" : {
                  "text" : "1 min.",
                  "value" : 54
               },
               "status" : "OK"
            },
            {
               "distance" : {
                  "text" : "0,3 km",
                  "value" : 278
               },
               "duration" : {
                  "text" : "1 min.",
                  "value" : 51
               },
               "status" : "OK"
            },
            {
               "distance" : {
                  "text" : "0,4 km",
                  "value" : 356
               },
               "duration" : {
                  "text" : "1 min.",
                  "value" : 48
               },
               "status" : "OK"
            }
         ]
      },
      {
         "elements" : [
            {
               "distance" : {
                  "text" : "0,7 km",
                  "value" : 684
               },
               "duration" : {
                  "text" : "2 min",
                  "value" : 131
               },
               "status" : "OK"
            },
            {
               "distance" : {
                  "text" : "1,0 km",
                  "value" : 974
               },
               "duration" : {
                  "text" : "3 min",
                  "value" : 174
               },
               "status" : "OK"
            },
            {
               "distance" : {
                  "text" : "0,8 km",
                  "value" : 839
               },
               "duration" : {
                  "text" : "3 min",
                  "value" : 165
               },
               "status" : "OK"
            },
            {
               "distance" : {
                  "text" : "0,7 km",
                  "value" : 709
               },
               "duration" : {
                  "text" : "3 min",
                  "value" : 156
               },
               "status" : "OK"
            },
            {
               "distance" : {
                  "text" : "1,0 km",
                  "value" : 1026
               },
               "duration" : {
                  "text" : "3 min",
                  "value" : 159
               },
               "status" : "OK"
            }
         ]
      },
      {
         "elements" : [
            {
               "distance" : {
                  "text" : "0,7 km",
                  "value" : 718
               },
               "duration" : {
                  "text" : "2 min",
                  "value" : 135
               },
               "status" : "OK"
            },
            {
               "distance" : {
                  "text" : "1,0 km",
                  "value" : 1007
               },
               "duration" : {
                  "text" : "3 min",
                  "value" : 178
               },
               "status" : "OK"
            },
            {
               "distance" : {
                  "text" : "0,9 km",
                  "value" : 872
               },
               "duration" : {
                  "text" : "3 min",
                  "value" : 169
               },
               "status" : "OK"
            },
            {
               "distance" : {
                  "text" : "0,7 km",
                  "value" : 743
               },
               "duration" : {
                  "text" : "3 min",
                  "value" : 160
               },
               "status" : "OK"
            },
            {
               "distance" : {
                  "text" : "1,1 km",
                  "value" : 1059
               },
               "duration" : {
                  "text" : "3 min",
                  "value" : 163
               },
               "status" : "OK"
            }
         ]
      },
      {
         "elements" : [
            {
               "distance" : {
                  "text" : "0,8 km",
                  "value" : 809
               },
               "duration" : {
                  "text" : "3 min",
                  "value" : 186
               },
               "status" : "OK"
            },
            {
               "distance" : {
                  "text" : "1,1 km",
                  "value" : 1098
               },
               "duration" : {
                  "text" : "4 min",
                  "value" : 229
               },
               "status" : "OK"
            },
            {
               "distance" : {
                  "text" : "1,0 km",
                  "value" : 963
               },
               "duration" : {
                  "text" : "4 min",
                  "value" : 220
               },
               "status" : "OK"
            },
            {
               "distance" : {
                  "text" : "0,8 km",
                  "value" : 834
               },
               "duration" : {
                  "text" : "4 min",
                  "value" : 211
               },
               "status" : "OK"
            },
            {
               "distance" : {
                  "text" : "1,2 km",
                  "value" : 1150
               },
               "duration" : {
                  "text" : "4 min",
                  "value" : 214
               },
               "status" : "OK"
            }
         ]
      },
      {
         "elements" : [
            {
               "distance" : {
                  "text" : "77 m",
                  "value" : 77
               },
               "duration" : {
                  "text" : "1 min.",
                  "value" : 16
               },
               "status" : "OK"
            },
            {
               "distance" : {
                  "text" : "1,1 km",
                  "value" : 1138
               },
               "duration" : {
                  "text" : "3 min",
                  "value" : 200
               },
               "status" : "OK"
            },
            {
               "distance" : {
                  "text" : "0,9 km",
                  "value" : 892
               },
               "duration" : {
                  "text" : "2 min",
                  "value" : 140
               },
               "status" : "OK"
            },
            {
               "distance" : {
                  "text" : "0,8 km",
                  "value" : 763
               },
               "duration" : {
                  "text" : "2 min",
                  "value" : 131
               },
               "status" : "OK"
            },
            {
               "distance" : {
                  "text" : "1,1 km",
                  "value" : 1079
               },
               "duration" : {
                  "text" : "2 min",
                  "value" : 134
               },
               "status" : "OK"
            }
         ]
      }
   ],
   "status" : "OK"
}
