== Request ==
Origin:
vz1: 50.08724,14.41749
vz22: 50.09063,14.42646
vz21: 50.09187,14.41714
vz20: 50.09106,14.41578
vz19: 50.09226,14.42012
Destination:
vz18: 50.09249,14.42532
vz16: 50.09075,14.42691
vz15: 50.09066,14.42586
vz14: 50.09237,14.42597
vz13: 50.09250,14.42635
URL:
http://maps.googleapis.com/maps/api/distancematrix/json?origins=50.08724,14.41749|50.09063,14.42646|50.09187,14.41714|50.09106,14.41578|50.09226,14.42012&destinations=50.09249,14.42532|50.09075,14.42691|50.09066,14.42586|50.09237,14.42597|50.09250,14.42635&mode=driving&units=metric&language=cs-CZ

== Response ==
{
   "destination_addresses" : [
      "Řásnovka 7, 110 00 Praha 1, Česká republika",
      "Dlouhá 727/39, 110 00 Praha-Praha 1, Česká republika",
      "Dlouhá 33, 110 00 Praha 1, Česká republika",
      "Řásnovka 1039/7, 110 00 Praha-Praha 1, Česká republika",
      "Řásnovka 7, 110 00 Praha 1, Česká republika"
   ],
   "origin_addresses" : [
      "Platnéřská 1-2, 110 00 Praha 1, Česká republika",
      "Dlouhá 35-37, 110 00 Praha 1, Česká republika",
      "Dvořákovo nábřeží 6, 110 00 Praha 1, Česká republika",
      "Dvořákovo nábřeží 78/4, 110 00 Praha-Praha 1, Česká republika",
      "Dušní 886/19, 110 00 Praha-Praha 1, Česká republika"
   ],
   "rows" : [
      {
         "elements" : [
            {
               "distance" : {
                  "text" : "1,6 km",
                  "value" : 1628
               },
               "duration" : {
                  "text" : "3 min",
                  "value" : 192
               },
               "status" : "OK"
            },
            {
               "distance" : {
                  "text" : "1,1 km",
                  "value" : 1094
               },
               "duration" : {
                  "text" : "3 min",
                  "value" : 190
               },
               "status" : "OK"
            },
            {
               "distance" : {
                  "text" : "1,0 km",
                  "value" : 1020
               },
               "duration" : {
                  "text" : "3 min",
                  "value" : 179
               },
               "status" : "OK"
            },
            {
               "distance" : {
                  "text" : "1,6 km",
                  "value" : 1582
               },
               "duration" : {
                  "text" : "3 min",
                  "value" : 186
               },
               "status" : "OK"
            },
            {
               "distance" : {
                  "text" : "1,6 km",
                  "value" : 1555
               },
               "duration" : {
                  "text" : "3 min",
                  "value" : 183
               },
               "status" : "OK"
            }
         ]
      },
      {
         "elements" : [
            {
               "distance" : {
                  "text" : "0,4 km",
                  "value" : 362
               },
               "duration" : {
                  "text" : "1 min.",
                  "value" : 60
               },
               "status" : "OK"
            },
            {
               "distance" : {
                  "text" : "33 m",
                  "value" : 33
               },
               "duration" : {
                  "text" : "1 min.",
                  "value" : 5
               },
               "status" : "OK"
            },
            {
               "distance" : {
                  "text" : "41 m",
                  "value" : 41
               },
               "duration" : {
                  "text" : "1 min.",
                  "value" : 7
               },
               "status" : "OK"
            },
            {
               "distance" : {
                  "text" : "0,3 km",
                  "value" : 316
               },
               "duration" : {
                  "text" : "1 min.",
                  "value" : 55
               },
               "status" : "OK"
            },
            {
               "distance" : {
                  "text" : "0,3 km",
                  "value" : 288
               },
               "duration" : {
                  "text" : "1 min.",
                  "value" : 52
               },
               "status" : "OK"
            }
         ]
      },
      {
         "elements" : [
            {
               "distance" : {
                  "text" : "1,2 km",
                  "value" : 1208
               },
               "duration" : {
                  "text" : "2 min",
                  "value" : 145
               },
               "status" : "OK"
            },
            {
               "distance" : {
                  "text" : "1,6 km",
                  "value" : 1551
               },
               "duration" : {
                  "text" : "3 min",
                  "value" : 178
               },
               "status" : "OK"
            },
            {
               "distance" : {
                  "text" : "1,6 km",
                  "value" : 1626
               },
               "duration" : {
                  "text" : "3 min",
                  "value" : 190
               },
               "status" : "OK"
            },
            {
               "distance" : {
                  "text" : "1,2 km",
                  "value" : 1162
               },
               "duration" : {
                  "text" : "2 min",
                  "value" : 139
               },
               "status" : "OK"
            },
            {
               "distance" : {
                  "text" : "1,1 km",
                  "value" : 1135
               },
               "duration" : {
                  "text" : "2 min",
                  "value" : 136
               },
               "status" : "OK"
            }
         ]
      },
      {
         "elements" : [
            {
               "distance" : {
                  "text" : "1,3 km",
                  "value" : 1272
               },
               "duration" : {
                  "text" : "3 min",
                  "value" : 166
               },
               "status" : "OK"
            },
            {
               "distance" : {
                  "text" : "1,6 km",
                  "value" : 1615
               },
               "duration" : {
                  "text" : "3 min",
                  "value" : 200
               },
               "status" : "OK"
            },
            {
               "distance" : {
                  "text" : "1,7 km",
                  "value" : 1689
               },
               "duration" : {
                  "text" : "4 min",
                  "value" : 211
               },
               "status" : "OK"
            },
            {
               "distance" : {
                  "text" : "1,2 km",
                  "value" : 1226
               },
               "duration" : {
                  "text" : "3 min",
                  "value" : 161
               },
               "status" : "OK"
            },
            {
               "distance" : {
                  "text" : "1,2 km",
                  "value" : 1199
               },
               "duration" : {
                  "text" : "3 min",
                  "value" : 158
               },
               "status" : "OK"
            }
         ]
      },
      {
         "elements" : [
            {
               "distance" : {
                  "text" : "0,7 km",
                  "value" : 721
               },
               "duration" : {
                  "text" : "2 min",
                  "value" : 91
               },
               "status" : "OK"
            },
            {
               "distance" : {
                  "text" : "1,1 km",
                  "value" : 1064
               },
               "duration" : {
                  "text" : "2 min",
                  "value" : 124
               },
               "status" : "OK"
            },
            {
               "distance" : {
                  "text" : "1,1 km",
                  "value" : 1139
               },
               "duration" : {
                  "text" : "2 min",
                  "value" : 136
               },
               "status" : "OK"
            },
            {
               "distance" : {
                  "text" : "0,7 km",
                  "value" : 675
               },
               "duration" : {
                  "text" : "1 min.",
                  "value" : 85
               },
               "status" : "OK"
            },
            {
               "distance" : {
                  "text" : "0,6 km",
                  "value" : 648
               },
               "duration" : {
                  "text" : "1 min.",
                  "value" : 82
               },
               "status" : "OK"
            }
         ]
      }
   ],
   "status" : "OK"
}
