== Request ==
Origin:
vz13: 50.09250,14.42635
vz14: 50.09237,14.42597
vz15: 50.09066,14.42586
vz16: 50.09075,14.42691
vz18: 50.09249,14.42532
Destination:
vz19: 50.09226,14.42012
vz20: 50.09106,14.41578
vz21: 50.09187,14.41714
vz22: 50.09063,14.42646
vz1: 50.08724,14.41749
URL:
http://maps.googleapis.com/maps/api/distancematrix/json?origins=50.09250,14.42635|50.09237,14.42597|50.09066,14.42586|50.09075,14.42691|50.09249,14.42532&destinations=50.09226,14.42012|50.09106,14.41578|50.09187,14.41714|50.09063,14.42646|50.08724,14.41749&mode=driving&units=metric&language=cs-CZ

== Response ==
{
   "destination_addresses" : [
      "Dušní 886/19, 110 00 Praha-Praha 1, Česká republika",
      "Dvořákovo nábřeží 78/4, 110 00 Praha-Praha 1, Česká republika",
      "Dvořákovo nábřeží 6, 110 00 Praha 1, Česká republika",
      "Dlouhá 35-37, 110 00 Praha 1, Česká republika",
      "Platnéřská 1-2, 110 00 Praha 1, Česká republika"
   ],
   "origin_addresses" : [
      "Řásnovka 7, 110 00 Praha 1, Česká republika",
      "Řásnovka 1039/7, 110 00 Praha-Praha 1, Česká republika",
      "Dlouhá 33, 110 00 Praha 1, Česká republika",
      "Dlouhá 727/39, 110 00 Praha-Praha 1, Česká republika",
      "Řásnovka 7, 110 00 Praha 1, Česká republika"
   ],
   "rows" : [
      {
         "elements" : [
            {
               "distance" : {
                  "text" : "2,1 km",
                  "value" : 2076
               },
               "duration" : {
                  "text" : "4 min",
                  "value" : 229
               },
               "status" : "OK"
            },
            {
               "distance" : {
                  "text" : "2,0 km",
                  "value" : 2024
               },
               "duration" : {
                  "text" : "4 min",
                  "value" : 219
               },
               "status" : "OK"
            },
            {
               "distance" : {
                  "text" : "1,9 km",
                  "value" : 1889
               },
               "duration" : {
                  "text" : "3 min",
                  "value" : 207
               },
               "status" : "OK"
            },
            {
               "distance" : {
                  "text" : "0,9 km",
                  "value" : 854
               },
               "duration" : {
                  "text" : "2 min",
                  "value" : 128
               },
               "status" : "OK"
            },
            {
               "distance" : {
                  "text" : "2,6 km",
                  "value" : 2623
               },
               "duration" : {
                  "text" : "5 min",
                  "value" : 326
               },
               "status" : "OK"
            }
         ]
      },
      {
         "elements" : [
            {
               "distance" : {
                  "text" : "2,0 km",
                  "value" : 2049
               },
               "duration" : {
                  "text" : "4 min",
                  "value" : 226
               },
               "status" : "OK"
            },
            {
               "distance" : {
                  "text" : "2,0 km",
                  "value" : 1997
               },
               "duration" : {
                  "text" : "4 min",
                  "value" : 216
               },
               "status" : "OK"
            },
            {
               "distance" : {
                  "text" : "1,9 km",
                  "value" : 1862
               },
               "duration" : {
                  "text" : "3 min",
                  "value" : 204
               },
               "status" : "OK"
            },
            {
               "distance" : {
                  "text" : "0,8 km",
                  "value" : 826
               },
               "duration" : {
                  "text" : "2 min",
                  "value" : 124
               },
               "status" : "OK"
            },
            {
               "distance" : {
                  "text" : "2,6 km",
                  "value" : 2595
               },
               "duration" : {
                  "text" : "5 min",
                  "value" : 323
               },
               "status" : "OK"
            }
         ]
      },
      {
         "elements" : [
            {
               "distance" : {
                  "text" : "0,8 km",
                  "value" : 813
               },
               "duration" : {
                  "text" : "3 min",
                  "value" : 176
               },
               "status" : "OK"
            },
            {
               "distance" : {
                  "text" : "1,5 km",
                  "value" : 1452
               },
               "duration" : {
                  "text" : "3 min",
                  "value" : 174
               },
               "status" : "OK"
            },
            {
               "distance" : {
                  "text" : "1,3 km",
                  "value" : 1317
               },
               "duration" : {
                  "text" : "3 min",
                  "value" : 162
               },
               "status" : "OK"
            },
            {
               "distance" : {
                  "text" : "41 m",
                  "value" : 41
               },
               "duration" : {
                  "text" : "1 min.",
                  "value" : 6
               },
               "status" : "OK"
            },
            {
               "distance" : {
                  "text" : "1,5 km",
                  "value" : 1501
               },
               "duration" : {
                  "text" : "5 min",
                  "value" : 272
               },
               "status" : "OK"
            }
         ]
      },
      {
         "elements" : [
            {
               "distance" : {
                  "text" : "0,9 km",
                  "value" : 887
               },
               "duration" : {
                  "text" : "3 min",
                  "value" : 188
               },
               "status" : "OK"
            },
            {
               "distance" : {
                  "text" : "1,4 km",
                  "value" : 1378
               },
               "duration" : {
                  "text" : "3 min",
                  "value" : 163
               },
               "status" : "OK"
            },
            {
               "distance" : {
                  "text" : "1,2 km",
                  "value" : 1243
               },
               "duration" : {
                  "text" : "3 min",
                  "value" : 151
               },
               "status" : "OK"
            },
            {
               "distance" : {
                  "text" : "33 m",
                  "value" : 33
               },
               "duration" : {
                  "text" : "1 min.",
                  "value" : 5
               },
               "status" : "OK"
            },
            {
               "distance" : {
                  "text" : "2,0 km",
                  "value" : 1977
               },
               "duration" : {
                  "text" : "4 min",
                  "value" : 268
               },
               "status" : "OK"
            }
         ]
      },
      {
         "elements" : [
            {
               "distance" : {
                  "text" : "2,0 km",
                  "value" : 2003
               },
               "duration" : {
                  "text" : "4 min",
                  "value" : 221
               },
               "status" : "OK"
            },
            {
               "distance" : {
                  "text" : "2,0 km",
                  "value" : 1951
               },
               "duration" : {
                  "text" : "4 min",
                  "value" : 211
               },
               "status" : "OK"
            },
            {
               "distance" : {
                  "text" : "1,8 km",
                  "value" : 1816
               },
               "duration" : {
                  "text" : "3 min",
                  "value" : 199
               },
               "status" : "OK"
            },
            {
               "distance" : {
                  "text" : "0,8 km",
                  "value" : 780
               },
               "duration" : {
                  "text" : "2 min",
                  "value" : 119
               },
               "status" : "OK"
            },
            {
               "distance" : {
                  "text" : "2,6 km",
                  "value" : 2550
               },
               "duration" : {
                  "text" : "5 min",
                  "value" : 317
               },
               "status" : "OK"
            }
         ]
      }
   ],
   "status" : "OK"
}
