== Request ==
Origin:
vz17: 50.09007,14.42781
c3: 50.108938,14.441199
c2: 50.080754,14.431580
c1: 50.083638,14.434301
vz7: 50.09109,14.41819
Destination:
vz1: 50.08724,14.41749
vz22: 50.09063,14.42646
vz21: 50.09187,14.41714
vz20: 50.09106,14.41578
vz19: 50.09226,14.42012
URL:
http://maps.googleapis.com/maps/api/distancematrix/json?origins=50.09007,14.42781|50.108938,14.441199|50.080754,14.431580|50.083638,14.434301|50.09109,14.41819&destinations=50.08724,14.41749|50.09063,14.42646|50.09187,14.41714|50.09106,14.41578|50.09226,14.42012&mode=driving&units=metric&language=cs-CZ

== Response ==
{
   "destination_addresses" : [
      "Platnéřská 1-2, 110 00 Praha 1, Česká republika",
      "Dlouhá 35-37, 110 00 Praha 1, Česká republika",
      "Dvořákovo nábřeží 6, 110 00 Praha 1, Česká republika",
      "Dvořákovo nábřeží 78/4, 110 00 Praha-Praha 1, Česká republika",
      "Dušní 886/19, 110 00 Praha-Praha 1, Česká republika"
   ],
   "origin_addresses" : [
      "Revoluční 1006/5, 110 00 Praha-Praha 1, Česká republika",
      "Nádraží Holešovice, 170 00 Praha-Praha 7, Česká republika",
      "Washingtonova 13, 110 00 Praha 1, Česká republika",
      "Vrchlického sady, 110 00 Praha 1, Česká republika",
      "Pařížská 205/23, 110 00 Praha-Josefov, Česká republika"
   ],
   "rows" : [
      {
         "elements" : [
            {
               "distance" : {
                  "text" : "2,1 km",
                  "value" : 2109
               },
               "duration" : {
                  "text" : "7 min",
                  "value" : 398
               },
               "status" : "OK"
            },
            {
               "distance" : {
                  "text" : "0,7 km",
                  "value" : 667
               },
               "duration" : {
                  "text" : "2 min",
                  "value" : 135
               },
               "status" : "OK"
            },
            {
               "distance" : {
                  "text" : "1,9 km",
                  "value" : 1943
               },
               "duration" : {
                  "text" : "5 min",
                  "value" : 291
               },
               "status" : "OK"
            },
            {
               "distance" : {
                  "text" : "2,1 km",
                  "value" : 2079
               },
               "duration" : {
                  "text" : "5 min",
                  "value" : 303
               },
               "status" : "OK"
            },
            {
               "distance" : {
                  "text" : "1,4 km",
                  "value" : 1420
               },
               "duration" : {
                  "text" : "5 min",
                  "value" : 302
               },
               "status" : "OK"
            }
         ]
      },
      {
         "elements" : [
            {
               "distance" : {
                  "text" : "4,5 km",
                  "value" : 4521
               },
               "duration" : {
                  "text" : "9 min",
                  "value" : 515
               },
               "status" : "OK"
            },
            {
               "distance" : {
                  "text" : "3,4 km",
                  "value" : 3395
               },
               "duration" : {
                  "text" : "6 min",
                  "value" : 381
               },
               "status" : "OK"
            },
            {
               "distance" : {
                  "text" : "3,8 km",
                  "value" : 3787
               },
               "duration" : {
                  "text" : "7 min",
                  "value" : 397
               },
               "status" : "OK"
            },
            {
               "distance" : {
                  "text" : "3,9 km",
                  "value" : 3923
               },
               "duration" : {
                  "text" : "7 min",
                  "value" : 409
               },
               "status" : "OK"
            },
            {
               "distance" : {
                  "text" : "4,0 km",
                  "value" : 3974
               },
               "duration" : {
                  "text" : "7 min",
                  "value" : 419
               },
               "status" : "OK"
            }
         ]
      },
      {
         "elements" : [
            {
               "distance" : {
                  "text" : "3,0 km",
                  "value" : 2995
               },
               "duration" : {
                  "text" : "6 min",
                  "value" : 375
               },
               "status" : "OK"
            },
            {
               "distance" : {
                  "text" : "3,1 km",
                  "value" : 3069
               },
               "duration" : {
                  "text" : "6 min",
                  "value" : 360
               },
               "status" : "OK"
            },
            {
               "distance" : {
                  "text" : "3,4 km",
                  "value" : 3449
               },
               "duration" : {
                  "text" : "6 min",
                  "value" : 355
               },
               "status" : "OK"
            },
            {
               "distance" : {
                  "text" : "3,6 km",
                  "value" : 3584
               },
               "duration" : {
                  "text" : "6 min",
                  "value" : 367
               },
               "status" : "OK"
            },
            {
               "distance" : {
                  "text" : "3,8 km",
                  "value" : 3839
               },
               "duration" : {
                  "text" : "7 min",
                  "value" : 437
               },
               "status" : "OK"
            }
         ]
      },
      {
         "elements" : [
            {
               "distance" : {
                  "text" : "3,3 km",
                  "value" : 3264
               },
               "duration" : {
                  "text" : "6 min",
                  "value" : 383
               },
               "status" : "OK"
            },
            {
               "distance" : {
                  "text" : "2,9 km",
                  "value" : 2870
               },
               "duration" : {
                  "text" : "5 min",
                  "value" : 287
               },
               "status" : "OK"
            },
            {
               "distance" : {
                  "text" : "3,2 km",
                  "value" : 3250
               },
               "duration" : {
                  "text" : "5 min",
                  "value" : 282
               },
               "status" : "OK"
            },
            {
               "distance" : {
                  "text" : "3,4 km",
                  "value" : 3385
               },
               "duration" : {
                  "text" : "5 min",
                  "value" : 294
               },
               "status" : "OK"
            },
            {
               "distance" : {
                  "text" : "3,6 km",
                  "value" : 3640
               },
               "duration" : {
                  "text" : "6 min",
                  "value" : 364
               },
               "status" : "OK"
            }
         ]
      },
      {
         "elements" : [
            {
               "distance" : {
                  "text" : "0,8 km",
                  "value" : 774
               },
               "duration" : {
                  "text" : "2 min",
                  "value" : 116
               },
               "status" : "OK"
            },
            {
               "distance" : {
                  "text" : "1,3 km",
                  "value" : 1344
               },
               "duration" : {
                  "text" : "3 min",
                  "value" : 154
               },
               "status" : "OK"
            },
            {
               "distance" : {
                  "text" : "0,2 km",
                  "value" : 174
               },
               "duration" : {
                  "text" : "1 min.",
                  "value" : 50
               },
               "status" : "OK"
            },
            {
               "distance" : {
                  "text" : "0,3 km",
                  "value" : 283
               },
               "duration" : {
                  "text" : "1 min.",
                  "value" : 47
               },
               "status" : "OK"
            },
            {
               "distance" : {
                  "text" : "0,4 km",
                  "value" : 361
               },
               "duration" : {
                  "text" : "1 min.",
                  "value" : 44
               },
               "status" : "OK"
            }
         ]
      }
   ],
   "status" : "OK"
}
