== Request ==
Origin:
vz10: 50.09014,14.41635
vz15: 50.09066,14.42586
vz21: 50.09187,14.41714
vz4: 50.08737,14.41821
c2: 50.080754,14.431580
Destination:
vz11: 50.09003,14.41596
vz16: 50.09075,14.42691
vz22: 50.09063,14.42646
vz5: 50.08756,14.41862
c3: 50.108938,14.441199
URL:
http://maps.googleapis.com/maps/api/distancematrix/json?origins=50.09014,14.41635|50.09066,14.42586|50.09187,14.41714|50.08737,14.41821|50.080754,14.431580&destinations=50.09003,14.41596|50.09075,14.42691|50.09063,14.42646|50.08756,14.41862|50.108938,14.441199&mode=driving&units=metric&language=cs-CZ

== Response ==
{
   "destination_addresses" : [
      "17. listopadu 2, 110 00 Praha, Česká republika",
      "Dlouhá 727/39, 110 00 Praha-Praha 1, Česká republika",
      "Dlouhá 35-37, 110 00 Praha 1, Česká republika",
      "Platnéřská 19, 110 00 Praha 1, Česká republika",
      "Nádraží Holešovice, 170 00 Praha-Praha 7, Česká republika"
   ],
   "origin_addresses" : [
      "17. listopadu 1, 110 00 Praha 1, Česká republika",
      "Dlouhá 33, 110 00 Praha 1, Česká republika",
      "Dvořákovo nábřeží 6, 110 00 Praha 1, Česká republika",
      "Platnéřská 110/17, 110 00 Praha-Praha 1, Česká republika",
      "Washingtonova 13, 110 00 Praha 1, Česká republika"
   ],
   "rows" : [
      {
         "elements" : [
            {
               "distance" : {
                  "text" : "20 m",
                  "value" : 20
               },
               "duration" : {
                  "text" : "1 min.",
                  "value" : 2
               },
               "status" : "OK"
            },
            {
               "distance" : {
                  "text" : "1,5 km",
                  "value" : 1464
               },
               "duration" : {
                  "text" : "3 min",
                  "value" : 161
               },
               "status" : "OK"
            },
            {
               "distance" : {
                  "text" : "1,5 km",
                  "value" : 1498
               },
               "duration" : {
                  "text" : "3 min",
                  "value" : 166
               },
               "status" : "OK"
            },
            {
               "distance" : {
                  "text" : "0,6 km",
                  "value" : 594
               },
               "duration" : {
                  "text" : "1 min.",
                  "value" : 89
               },
               "status" : "OK"
            },
            {
               "distance" : {
                  "text" : "3,7 km",
                  "value" : 3685
               },
               "duration" : {
                  "text" : "7 min",
                  "value" : 432
               },
               "status" : "OK"
            }
         ]
      },
      {
         "elements" : [
            {
               "distance" : {
                  "text" : "1,0 km",
                  "value" : 1014
               },
               "duration" : {
                  "text" : "3 min",
                  "value" : 196
               },
               "status" : "OK"
            },
            {
               "distance" : {
                  "text" : "74 m",
                  "value" : 74
               },
               "duration" : {
                  "text" : "1 min.",
                  "value" : 11
               },
               "status" : "OK"
            },
            {
               "distance" : {
                  "text" : "41 m",
                  "value" : 41
               },
               "duration" : {
                  "text" : "1 min.",
                  "value" : 6
               },
               "status" : "OK"
            },
            {
               "distance" : {
                  "text" : "1,6 km",
                  "value" : 1588
               },
               "duration" : {
                  "text" : "5 min",
                  "value" : 283
               },
               "status" : "OK"
            },
            {
               "distance" : {
                  "text" : "3,1 km",
                  "value" : 3101
               },
               "duration" : {
                  "text" : "7 min",
                  "value" : 409
               },
               "status" : "OK"
            }
         ]
      },
      {
         "elements" : [
            {
               "distance" : {
                  "text" : "0,3 km",
                  "value" : 333
               },
               "duration" : {
                  "text" : "1 min.",
                  "value" : 42
               },
               "status" : "OK"
            },
            {
               "distance" : {
                  "text" : "1,6 km",
                  "value" : 1551
               },
               "duration" : {
                  "text" : "3 min",
                  "value" : 178
               },
               "status" : "OK"
            },
            {
               "distance" : {
                  "text" : "1,6 km",
                  "value" : 1585
               },
               "duration" : {
                  "text" : "3 min",
                  "value" : 183
               },
               "status" : "OK"
            },
            {
               "distance" : {
                  "text" : "0,9 km",
                  "value" : 907
               },
               "duration" : {
                  "text" : "2 min",
                  "value" : 129
               },
               "status" : "OK"
            },
            {
               "distance" : {
                  "text" : "3,8 km",
                  "value" : 3773
               },
               "duration" : {
                  "text" : "7 min",
                  "value" : 449
               },
               "status" : "OK"
            }
         ]
      },
      {
         "elements" : [
            {
               "distance" : {
                  "text" : "0,5 km",
                  "value" : 525
               },
               "duration" : {
                  "text" : "2 min",
                  "value" : 106
               },
               "status" : "OK"
            },
            {
               "distance" : {
                  "text" : "1,0 km",
                  "value" : 1041
               },
               "duration" : {
                  "text" : "3 min",
                  "value" : 183
               },
               "status" : "OK"
            },
            {
               "distance" : {
                  "text" : "1,0 km",
                  "value" : 1007
               },
               "duration" : {
                  "text" : "3 min",
                  "value" : 178
               },
               "status" : "OK"
            },
            {
               "distance" : {
                  "text" : "34 m",
                  "value" : 34
               },
               "duration" : {
                  "text" : "1 min.",
                  "value" : 4
               },
               "status" : "OK"
            },
            {
               "distance" : {
                  "text" : "4,2 km",
                  "value" : 4230
               },
               "duration" : {
                  "text" : "9 min",
                  "value" : 539
               },
               "status" : "OK"
            }
         ]
      },
      {
         "elements" : [
            {
               "distance" : {
                  "text" : "3,1 km",
                  "value" : 3139
               },
               "duration" : {
                  "text" : "7 min",
                  "value" : 390
               },
               "status" : "OK"
            },
            {
               "distance" : {
                  "text" : "3,0 km",
                  "value" : 3036
               },
               "duration" : {
                  "text" : "6 min",
                  "value" : 355
               },
               "status" : "OK"
            },
            {
               "distance" : {
                  "text" : "3,1 km",
                  "value" : 3069
               },
               "duration" : {
                  "text" : "6 min",
                  "value" : 360
               },
               "status" : "OK"
            },
            {
               "distance" : {
                  "text" : "3,1 km",
                  "value" : 3082
               },
               "duration" : {
                  "text" : "6 min",
                  "value" : 386
               },
               "status" : "OK"
            },
            {
               "distance" : {
                  "text" : "3,9 km",
                  "value" : 3938
               },
               "duration" : {
                  "text" : "8 min",
                  "value" : 455
               },
               "status" : "OK"
            }
         ]
      }
   ],
   "status" : "OK"
}
