== Request ==
Origin:
vz17: 50.09007,14.42781
vz6: 50.09123,14.41834
vz1: 50.08724,14.41749
vz18: 50.09249,14.42532
vz12: 50.08929,14.41563
Destination:
vz7: 50.09109,14.41819
vz2: 50.08686,14.41723
vz19: 50.09226,14.42012
vz13: 50.09250,14.42635
vz8: 50.09124,14.41621
URL:
http://maps.googleapis.com/maps/api/distancematrix/json?origins=50.09007,14.42781|50.09123,14.41834|50.08724,14.41749|50.09249,14.42532|50.08929,14.41563&destinations=50.09109,14.41819|50.08686,14.41723|50.09226,14.42012|50.09250,14.42635|50.09124,14.41621&mode=driving&units=metric&language=cs-CZ

== Response ==
{
   "destination_addresses" : [
      "Pařížská 205/23, 110 00 Praha-Josefov, Česká republika",
      "Mariánské náměstí 5, 110 00 Praha 1, Česká republika",
      "Dušní 886/19, 110 00 Praha-Praha 1, Česká republika",
      "Řásnovka 7, 110 00 Praha 1, Česká republika",
      "Břehová 7, 110 00 Praha 1, Česká republika"
   ],
   "origin_addresses" : [
      "Revoluční 1006/5, 110 00 Praha-Praha 1, Česká republika",
      "Pařížská 43/30, 110 00 Praha-Praha 1, Česká republika",
      "Platnéřská 1-2, 110 00 Praha 1, Česká republika",
      "Řásnovka 7, 110 00 Praha 1, Česká republika",
      "Široká 1, 110 00 Praha 1, Česká republika"
   ],
   "rows" : [
      {
         "elements" : [
            {
               "distance" : {
                  "text" : "1,3 km",
                  "value" : 1335
               },
               "duration" : {
                  "text" : "5 min",
                  "value" : 283
               },
               "status" : "OK"
            },
            {
               "distance" : {
                  "text" : "4,1 km",
                  "value" : 4073
               },
               "duration" : {
                  "text" : "12 min",
                  "value" : 703
               },
               "status" : "OK"
            },
            {
               "distance" : {
                  "text" : "1,4 km",
                  "value" : 1420
               },
               "duration" : {
                  "text" : "5 min",
                  "value" : 302
               },
               "status" : "OK"
            },
            {
               "distance" : {
                  "text" : "1,0 km",
                  "value" : 955
               },
               "duration" : {
                  "text" : "3 min",
                  "value" : 187
               },
               "status" : "OK"
            },
            {
               "distance" : {
                  "text" : "2,1 km",
                  "value" : 2064
               },
               "duration" : {
                  "text" : "5 min",
                  "value" : 306
               },
               "status" : "OK"
            }
         ]
      },
      {
         "elements" : [
            {
               "distance" : {
                  "text" : "16 m",
                  "value" : 16
               },
               "duration" : {
                  "text" : "1 min.",
                  "value" : 12
               },
               "status" : "OK"
            },
            {
               "distance" : {
                  "text" : "2,7 km",
                  "value" : 2733
               },
               "duration" : {
                  "text" : "7 min",
                  "value" : 424
               },
               "status" : "OK"
            },
            {
               "distance" : {
                  "text" : "0,4 km",
                  "value" : 356
               },
               "duration" : {
                  "text" : "1 min.",
                  "value" : 48
               },
               "status" : "OK"
            },
            {
               "distance" : {
                  "text" : "0,9 km",
                  "value" : 889
               },
               "duration" : {
                  "text" : "2 min",
                  "value" : 111
               },
               "status" : "OK"
            },
            {
               "distance" : {
                  "text" : "0,2 km",
                  "value" : 228
               },
               "duration" : {
                  "text" : "1 min.",
                  "value" : 36
               },
               "status" : "OK"
            }
         ]
      },
      {
         "elements" : [
            {
               "distance" : {
                  "text" : "0,8 km",
                  "value" : 774
               },
               "duration" : {
                  "text" : "2 min",
                  "value" : 93
               },
               "status" : "OK"
            },
            {
               "distance" : {
                  "text" : "2,3 km",
                  "value" : 2308
               },
               "duration" : {
                  "text" : "6 min",
                  "value" : 361
               },
               "status" : "OK"
            },
            {
               "distance" : {
                  "text" : "1,0 km",
                  "value" : 1022
               },
               "duration" : {
                  "text" : "2 min",
                  "value" : 120
               },
               "status" : "OK"
            },
            {
               "distance" : {
                  "text" : "1,6 km",
                  "value" : 1555
               },
               "duration" : {
                  "text" : "3 min",
                  "value" : 183
               },
               "status" : "OK"
            },
            {
               "distance" : {
                  "text" : "0,7 km",
                  "value" : 655
               },
               "duration" : {
                  "text" : "2 min",
                  "value" : 102
               },
               "status" : "OK"
            }
         ]
      },
      {
         "elements" : [
            {
               "distance" : {
                  "text" : "1,9 km",
                  "value" : 1889
               },
               "duration" : {
                  "text" : "4 min",
                  "value" : 223
               },
               "status" : "OK"
            },
            {
               "distance" : {
                  "text" : "4,5 km",
                  "value" : 4514
               },
               "duration" : {
                  "text" : "10 min",
                  "value" : 622
               },
               "status" : "OK"
            },
            {
               "distance" : {
                  "text" : "2,0 km",
                  "value" : 2003
               },
               "duration" : {
                  "text" : "4 min",
                  "value" : 221
               },
               "status" : "OK"
            },
            {
               "distance" : {
                  "text" : "0,3 km",
                  "value" : 306
               },
               "duration" : {
                  "text" : "1 min.",
                  "value" : 71
               },
               "status" : "OK"
            },
            {
               "distance" : {
                  "text" : "1,9 km",
                  "value" : 1937
               },
               "duration" : {
                  "text" : "4 min",
                  "value" : 214
               },
               "status" : "OK"
            }
         ]
      },
      {
         "elements" : [
            {
               "distance" : {
                  "text" : "0,4 km",
                  "value" : 365
               },
               "duration" : {
                  "text" : "1 min.",
                  "value" : 37
               },
               "status" : "OK"
            },
            {
               "distance" : {
                  "text" : "2,4 km",
                  "value" : 2365
               },
               "duration" : {
                  "text" : "6 min",
                  "value" : 361
               },
               "status" : "OK"
            },
            {
               "distance" : {
                  "text" : "0,6 km",
                  "value" : 613
               },
               "duration" : {
                  "text" : "1 min.",
                  "value" : 64
               },
               "status" : "OK"
            },
            {
               "distance" : {
                  "text" : "1,1 km",
                  "value" : 1146
               },
               "duration" : {
                  "text" : "2 min",
                  "value" : 127
               },
               "status" : "OK"
            },
            {
               "distance" : {
                  "text" : "0,2 km",
                  "value" : 246
               },
               "duration" : {
                  "text" : "1 min.",
                  "value" : 46
               },
               "status" : "OK"
            }
         ]
      }
   ],
   "status" : "OK"
}
