== Request ==
Origin:
vz17: 50.09007,14.42781
vz6: 50.09123,14.41834
vz1: 50.08724,14.41749
vz18: 50.09249,14.42532
vz12: 50.08929,14.41563
Destination:
c3: 50.108938,14.441199
vz5: 50.08756,14.41862
vz22: 50.09063,14.42646
vz16: 50.09075,14.42691
vz11: 50.09003,14.41596
URL:
http://maps.googleapis.com/maps/api/distancematrix/json?origins=50.09007,14.42781|50.09123,14.41834|50.08724,14.41749|50.09249,14.42532|50.08929,14.41563&destinations=50.108938,14.441199|50.08756,14.41862|50.09063,14.42646|50.09075,14.42691|50.09003,14.41596&mode=driving&units=metric&language=cs-CZ

== Response ==
{
   "destination_addresses" : [
      "Nádraží Holešovice, 170 00 Praha-Praha 7, Česká republika",
      "Platnéřská 19, 110 00 Praha 1, Česká republika",
      "Dlouhá 35-37, 110 00 Praha 1, Česká republika",
      "Dlouhá 727/39, 110 00 Praha-Praha 1, Česká republika",
      "17. listopadu 2, 110 00 Praha, Česká republika"
   ],
   "origin_addresses" : [
      "Revoluční 1006/5, 110 00 Praha-Praha 1, Česká republika",
      "Pařížská 43/30, 110 00 Praha-Praha 1, Česká republika",
      "Platnéřská 1-2, 110 00 Praha 1, Česká republika",
      "Řásnovka 7, 110 00 Praha 1, Česká republika",
      "Široká 1, 110 00 Praha 1, Česká republika"
   ],
   "rows" : [
      {
         "elements" : [
            {
               "distance" : {
                  "text" : "4,0 km",
                  "value" : 4034
               },
               "duration" : {
                  "text" : "8 min",
                  "value" : 462
               },
               "status" : "OK"
            },
            {
               "distance" : {
                  "text" : "2,2 km",
                  "value" : 2196
               },
               "duration" : {
                  "text" : "7 min",
                  "value" : 409
               },
               "status" : "OK"
            },
            {
               "distance" : {
                  "text" : "0,7 km",
                  "value" : 667
               },
               "duration" : {
                  "text" : "2 min",
                  "value" : 135
               },
               "status" : "OK"
            },
            {
               "distance" : {
                  "text" : "0,7 km",
                  "value" : 700
               },
               "duration" : {
                  "text" : "2 min",
                  "value" : 140
               },
               "status" : "OK"
            },
            {
               "distance" : {
                  "text" : "1,6 km",
                  "value" : 1621
               },
               "duration" : {
                  "text" : "5 min",
                  "value" : 322
               },
               "status" : "OK"
            }
         ]
      },
      {
         "elements" : [
            {
               "distance" : {
                  "text" : "3,5 km",
                  "value" : 3527
               },
               "duration" : {
                  "text" : "7 min",
                  "value" : 424
               },
               "status" : "OK"
            },
            {
               "distance" : {
                  "text" : "0,9 km",
                  "value" : 856
               },
               "duration" : {
                  "text" : "2 min",
                  "value" : 130
               },
               "status" : "OK"
            },
            {
               "distance" : {
                  "text" : "1,3 km",
                  "value" : 1339
               },
               "duration" : {
                  "text" : "3 min",
                  "value" : 158
               },
               "status" : "OK"
            },
            {
               "distance" : {
                  "text" : "1,3 km",
                  "value" : 1306
               },
               "duration" : {
                  "text" : "3 min",
                  "value" : 153
               },
               "status" : "OK"
            },
            {
               "distance" : {
                  "text" : "0,3 km",
                  "value" : 281
               },
               "duration" : {
                  "text" : "1 min.",
                  "value" : 43
               },
               "status" : "OK"
            }
         ]
      },
      {
         "elements" : [
            {
               "distance" : {
                  "text" : "4,2 km",
                  "value" : 4193
               },
               "duration" : {
                  "text" : "8 min",
                  "value" : 496
               },
               "status" : "OK"
            },
            {
               "distance" : {
                  "text" : "87 m",
                  "value" : 87
               },
               "duration" : {
                  "text" : "1 min.",
                  "value" : 11
               },
               "status" : "OK"
            },
            {
               "distance" : {
                  "text" : "1,1 km",
                  "value" : 1061
               },
               "duration" : {
                  "text" : "3 min",
                  "value" : 185
               },
               "status" : "OK"
            },
            {
               "distance" : {
                  "text" : "1,1 km",
                  "value" : 1094
               },
               "duration" : {
                  "text" : "3 min",
                  "value" : 190
               },
               "status" : "OK"
            },
            {
               "distance" : {
                  "text" : "0,5 km",
                  "value" : 487
               },
               "duration" : {
                  "text" : "1 min.",
                  "value" : 63
               },
               "status" : "OK"
            }
         ]
      },
      {
         "elements" : [
            {
               "distance" : {
                  "text" : "3,4 km",
                  "value" : 3443
               },
               "duration" : {
                  "text" : "7 min",
                  "value" : 391
               },
               "status" : "OK"
            },
            {
               "distance" : {
                  "text" : "2,6 km",
                  "value" : 2636
               },
               "duration" : {
                  "text" : "5 min",
                  "value" : 328
               },
               "status" : "OK"
            },
            {
               "distance" : {
                  "text" : "0,8 km",
                  "value" : 780
               },
               "duration" : {
                  "text" : "2 min",
                  "value" : 119
               },
               "status" : "OK"
            },
            {
               "distance" : {
                  "text" : "0,7 km",
                  "value" : 747
               },
               "duration" : {
                  "text" : "2 min",
                  "value" : 114
               },
               "status" : "OK"
            },
            {
               "distance" : {
                  "text" : "2,1 km",
                  "value" : 2062
               },
               "duration" : {
                  "text" : "4 min",
                  "value" : 241
               },
               "status" : "OK"
            }
         ]
      },
      {
         "elements" : [
            {
               "distance" : {
                  "text" : "3,8 km",
                  "value" : 3784
               },
               "duration" : {
                  "text" : "7 min",
                  "value" : 440
               },
               "status" : "OK"
            },
            {
               "distance" : {
                  "text" : "0,5 km",
                  "value" : 487
               },
               "duration" : {
                  "text" : "1 min.",
                  "value" : 68
               },
               "status" : "OK"
            },
            {
               "distance" : {
                  "text" : "1,6 km",
                  "value" : 1596
               },
               "duration" : {
                  "text" : "3 min",
                  "value" : 174
               },
               "status" : "OK"
            },
            {
               "distance" : {
                  "text" : "1,6 km",
                  "value" : 1563
               },
               "duration" : {
                  "text" : "3 min",
                  "value" : 169
               },
               "status" : "OK"
            },
            {
               "distance" : {
                  "text" : "79 m",
                  "value" : 79
               },
               "duration" : {
                  "text" : "1 min.",
                  "value" : 7
               },
               "status" : "OK"
            }
         ]
      }
   ],
   "status" : "OK"
}
