== Request ==
Origin:
vz8: 50.09124,14.41621
vz13: 50.09250,14.42635
vz19: 50.09226,14.42012
vz2: 50.08686,14.41723
vz7: 50.09109,14.41819
Destination:
vz10: 50.09014,14.41635
vz15: 50.09066,14.42586
vz21: 50.09187,14.41714
vz4: 50.08737,14.41821
c2: 50.080754,14.431580
URL:
http://maps.googleapis.com/maps/api/distancematrix/json?origins=50.09124,14.41621|50.09250,14.42635|50.09226,14.42012|50.08686,14.41723|50.09109,14.41819&destinations=50.09014,14.41635|50.09066,14.42586|50.09187,14.41714|50.08737,14.41821|50.080754,14.431580&mode=driving&units=metric&language=cs-CZ

== Response ==
{
   "destination_addresses" : [
      "17. listopadu 1, 110 00 Praha 1, Česká republika",
      "Dlouhá 33, 110 00 Praha 1, Česká republika",
      "Dvořákovo nábřeží 6, 110 00 Praha 1, Česká republika",
      "Platnéřská 110/17, 110 00 Praha-Praha 1, Česká republika",
      "Washingtonova 13, 110 00 Praha 1, Česká republika"
   ],
   "origin_addresses" : [
      "Břehová 7, 110 00 Praha 1, Česká republika",
      "Řásnovka 7, 110 00 Praha 1, Česká republika",
      "Dušní 886/19, 110 00 Praha-Praha 1, Česká republika",
      "Mariánské náměstí 5, 110 00 Praha 1, Česká republika",
      "Pařížská 205/23, 110 00 Praha-Josefov, Česká republika"
   ],
   "rows" : [
      {
         "elements" : [
            {
               "distance" : {
                  "text" : "0,2 km",
                  "value" : 228
               },
               "duration" : {
                  "text" : "1 min.",
                  "value" : 42
               },
               "status" : "OK"
            },
            {
               "distance" : {
                  "text" : "1,5 km",
                  "value" : 1505
               },
               "duration" : {
                  "text" : "3 min",
                  "value" : 175
               },
               "status" : "OK"
            },
            {
               "distance" : {
                  "text" : "0,3 km",
                  "value" : 294
               },
               "duration" : {
                  "text" : "1 min.",
                  "value" : 64
               },
               "status" : "OK"
            },
            {
               "distance" : {
                  "text" : "0,8 km",
                  "value" : 788
               },
               "duration" : {
                  "text" : "2 min",
                  "value" : 128
               },
               "status" : "OK"
            },
            {
               "distance" : {
                  "text" : "3,4 km",
                  "value" : 3368
               },
               "duration" : {
                  "text" : "6 min",
                  "value" : 342
               },
               "status" : "OK"
            }
         ]
      },
      {
         "elements" : [
            {
               "distance" : {
                  "text" : "2,1 km",
                  "value" : 2116
               },
               "duration" : {
                  "text" : "4 min",
                  "value" : 247
               },
               "status" : "OK"
            },
            {
               "distance" : {
                  "text" : "0,9 km",
                  "value" : 895
               },
               "duration" : {
                  "text" : "2 min",
                  "value" : 134
               },
               "status" : "OK"
            },
            {
               "distance" : {
                  "text" : "1,9 km",
                  "value" : 1889
               },
               "duration" : {
                  "text" : "3 min",
                  "value" : 207
               },
               "status" : "OK"
            },
            {
               "distance" : {
                  "text" : "2,7 km",
                  "value" : 2677
               },
               "duration" : {
                  "text" : "6 min",
                  "value" : 333
               },
               "status" : "OK"
            },
            {
               "distance" : {
                  "text" : "2,8 km",
                  "value" : 2758
               },
               "duration" : {
                  "text" : "5 min",
                  "value" : 302
               },
               "status" : "OK"
            }
         ]
      },
      {
         "elements" : [
            {
               "distance" : {
                  "text" : "2,4 km",
                  "value" : 2360
               },
               "duration" : {
                  "text" : "4 min",
                  "value" : 249
               },
               "status" : "OK"
            },
            {
               "distance" : {
                  "text" : "1,1 km",
                  "value" : 1139
               },
               "duration" : {
                  "text" : "2 min",
                  "value" : 136
               },
               "status" : "OK"
            },
            {
               "distance" : {
                  "text" : "2,1 km",
                  "value" : 2133
               },
               "duration" : {
                  "text" : "3 min",
                  "value" : 209
               },
               "status" : "OK"
            },
            {
               "distance" : {
                  "text" : "2,9 km",
                  "value" : 2921
               },
               "duration" : {
                  "text" : "6 min",
                  "value" : 334
               },
               "status" : "OK"
            },
            {
               "distance" : {
                  "text" : "3,0 km",
                  "value" : 3002
               },
               "duration" : {
                  "text" : "5 min",
                  "value" : 304
               },
               "status" : "OK"
            }
         ]
      },
      {
         "elements" : [
            {
               "distance" : {
                  "text" : "0,6 km",
                  "value" : 565
               },
               "duration" : {
                  "text" : "1 min.",
                  "value" : 78
               },
               "status" : "OK"
            },
            {
               "distance" : {
                  "text" : "1,1 km",
                  "value" : 1097
               },
               "duration" : {
                  "text" : "3 min",
                  "value" : 194
               },
               "status" : "OK"
            },
            {
               "distance" : {
                  "text" : "0,9 km",
                  "value" : 892
               },
               "duration" : {
                  "text" : "2 min",
                  "value" : 140
               },
               "status" : "OK"
            },
            {
               "distance" : {
                  "text" : "0,1 km",
                  "value" : 130
               },
               "duration" : {
                  "text" : "1 min.",
                  "value" : 22
               },
               "status" : "OK"
            },
            {
               "distance" : {
                  "text" : "4,0 km",
                  "value" : 3966
               },
               "duration" : {
                  "text" : "7 min",
                  "value" : 419
               },
               "status" : "OK"
            }
         ]
      },
      {
         "elements" : [
            {
               "distance" : {
                  "text" : "0,3 km",
                  "value" : 267
               },
               "duration" : {
                  "text" : "1 min.",
                  "value" : 37
               },
               "status" : "OK"
            },
            {
               "distance" : {
                  "text" : "1,0 km",
                  "value" : 991
               },
               "duration" : {
                  "text" : "3 min",
                  "value" : 171
               },
               "status" : "OK"
            },
            {
               "distance" : {
                  "text" : "0,2 km",
                  "value" : 174
               },
               "duration" : {
                  "text" : "1 min.",
                  "value" : 50
               },
               "status" : "OK"
            },
            {
               "distance" : {
                  "text" : "0,8 km",
                  "value" : 827
               },
               "duration" : {
                  "text" : "2 min",
                  "value" : 122
               },
               "status" : "OK"
            },
            {
               "distance" : {
                  "text" : "3,2 km",
                  "value" : 3249
               },
               "duration" : {
                  "text" : "5 min",
                  "value" : 329
               },
               "status" : "OK"
            }
         ]
      }
   ],
   "status" : "OK"
}
