== Request ==
Origin:
c3: 50.108938,14.441199
vz5: 50.08756,14.41862
vz22: 50.09063,14.42646
vz16: 50.09075,14.42691
vz11: 50.09003,14.41596
Destination:
vz7: 50.09109,14.41819
vz2: 50.08686,14.41723
vz19: 50.09226,14.42012
vz13: 50.09250,14.42635
vz8: 50.09124,14.41621
URL:
http://maps.googleapis.com/maps/api/distancematrix/json?origins=50.108938,14.441199|50.08756,14.41862|50.09063,14.42646|50.09075,14.42691|50.09003,14.41596&destinations=50.09109,14.41819|50.08686,14.41723|50.09226,14.42012|50.09250,14.42635|50.09124,14.41621&mode=driving&units=metric&language=cs-CZ

== Response ==
{
   "destination_addresses" : [
      "Pařížská 205/23, 110 00 Praha-Josefov, Česká republika",
      "Mariánské náměstí 5, 110 00 Praha 1, Česká republika",
      "Dušní 886/19, 110 00 Praha-Praha 1, Česká republika",
      "Řásnovka 7, 110 00 Praha 1, Česká republika",
      "Břehová 7, 110 00 Praha 1, Česká republika"
   ],
   "origin_addresses" : [
      "Nádraží Holešovice, 170 00 Praha-Praha 7, Česká republika",
      "Platnéřská 19, 110 00 Praha 1, Česká republika",
      "Dlouhá 35-37, 110 00 Praha 1, Česká republika",
      "Dlouhá 727/39, 110 00 Praha-Praha 1, Česká republika",
      "17. listopadu 2, 110 00 Praha, Česká republika"
   ],
   "rows" : [
      {
         "elements" : [
            {
               "distance" : {
                  "text" : "3,9 km",
                  "value" : 3861
               },
               "duration" : {
                  "text" : "7 min",
                  "value" : 421
               },
               "status" : "OK"
            },
            {
               "distance" : {
                  "text" : "6,5 km",
                  "value" : 6486
               },
               "duration" : {
                  "text" : "14 min",
                  "value" : 820
               },
               "status" : "OK"
            },
            {
               "distance" : {
                  "text" : "4,0 km",
                  "value" : 3974
               },
               "duration" : {
                  "text" : "7 min",
                  "value" : 419
               },
               "status" : "OK"
            },
            {
               "distance" : {
                  "text" : "3,2 km",
                  "value" : 3166
               },
               "duration" : {
                  "text" : "6 min",
                  "value" : 354
               },
               "status" : "OK"
            },
            {
               "distance" : {
                  "text" : "3,9 km",
                  "value" : 3908
               },
               "duration" : {
                  "text" : "7 min",
                  "value" : 412
               },
               "status" : "OK"
            }
         ]
      },
      {
         "elements" : [
            {
               "distance" : {
                  "text" : "0,8 km",
                  "value" : 778
               },
               "duration" : {
                  "text" : "2 min",
                  "value" : 132
               },
               "status" : "OK"
            },
            {
               "distance" : {
                  "text" : "2,6 km",
                  "value" : 2649
               },
               "duration" : {
                  "text" : "7 min",
                  "value" : 436
               },
               "status" : "OK"
            },
            {
               "distance" : {
                  "text" : "1,0 km",
                  "value" : 1026
               },
               "duration" : {
                  "text" : "3 min",
                  "value" : 159
               },
               "status" : "OK"
            },
            {
               "distance" : {
                  "text" : "1,6 km",
                  "value" : 1559
               },
               "duration" : {
                  "text" : "4 min",
                  "value" : 222
               },
               "status" : "OK"
            },
            {
               "distance" : {
                  "text" : "0,7 km",
                  "value" : 659
               },
               "duration" : {
                  "text" : "2 min",
                  "value" : 141
               },
               "status" : "OK"
            }
         ]
      },
      {
         "elements" : [
            {
               "distance" : {
                  "text" : "0,8 km",
                  "value" : 768
               },
               "duration" : {
                  "text" : "3 min",
                  "value" : 163
               },
               "status" : "OK"
            },
            {
               "distance" : {
                  "text" : "3,5 km",
                  "value" : 3507
               },
               "duration" : {
                  "text" : "10 min",
                  "value" : 583
               },
               "status" : "OK"
            },
            {
               "distance" : {
                  "text" : "0,9 km",
                  "value" : 854
               },
               "duration" : {
                  "text" : "3 min",
                  "value" : 183
               },
               "status" : "OK"
            },
            {
               "distance" : {
                  "text" : "0,3 km",
                  "value" : 288
               },
               "duration" : {
                  "text" : "1 min.",
                  "value" : 52
               },
               "status" : "OK"
            },
            {
               "distance" : {
                  "text" : "1,4 km",
                  "value" : 1397
               },
               "duration" : {
                  "text" : "3 min",
                  "value" : 172
               },
               "status" : "OK"
            }
         ]
      },
      {
         "elements" : [
            {
               "distance" : {
                  "text" : "0,8 km",
                  "value" : 802
               },
               "duration" : {
                  "text" : "3 min",
                  "value" : 168
               },
               "status" : "OK"
            },
            {
               "distance" : {
                  "text" : "3,9 km",
                  "value" : 3941
               },
               "duration" : {
                  "text" : "10 min",
                  "value" : 573
               },
               "status" : "OK"
            },
            {
               "distance" : {
                  "text" : "0,9 km",
                  "value" : 887
               },
               "duration" : {
                  "text" : "3 min",
                  "value" : 188
               },
               "status" : "OK"
            },
            {
               "distance" : {
                  "text" : "0,3 km",
                  "value" : 255
               },
               "duration" : {
                  "text" : "1 min.",
                  "value" : 47
               },
               "status" : "OK"
            },
            {
               "distance" : {
                  "text" : "1,4 km",
                  "value" : 1364
               },
               "duration" : {
                  "text" : "3 min",
                  "value" : 166
               },
               "status" : "OK"
            }
         ]
      },
      {
         "elements" : [
            {
               "distance" : {
                  "text" : "0,3 km",
                  "value" : 286
               },
               "duration" : {
                  "text" : "1 min.",
                  "value" : 30
               },
               "status" : "OK"
            },
            {
               "distance" : {
                  "text" : "2,5 km",
                  "value" : 2452
               },
               "duration" : {
                  "text" : "6 min",
                  "value" : 381
               },
               "status" : "OK"
            },
            {
               "distance" : {
                  "text" : "0,5 km",
                  "value" : 534
               },
               "duration" : {
                  "text" : "1 min.",
                  "value" : 57
               },
               "status" : "OK"
            },
            {
               "distance" : {
                  "text" : "1,1 km",
                  "value" : 1067
               },
               "duration" : {
                  "text" : "2 min",
                  "value" : 121
               },
               "status" : "OK"
            },
            {
               "distance" : {
                  "text" : "0,2 km",
                  "value" : 168
               },
               "duration" : {
                  "text" : "1 min.",
                  "value" : 39
               },
               "status" : "OK"
            }
         ]
      }
   ],
   "status" : "OK"
}
