== Request ==
Origin:
vz8: 50.09124,14.41621
vz9: 50.09049,14.41545
vz10: 50.09014,14.41635
vz11: 50.09003,14.41596
vz12: 50.08929,14.41563
Destination:
vz2: 50.08686,14.41723
vz3: 50.08680,14.41776
vz4: 50.08737,14.41821
vz5: 50.08756,14.41862
vz6: 50.09123,14.41834
URL:
http://maps.googleapis.com/maps/api/distancematrix/json?origins=50.09124,14.41621|50.09049,14.41545|50.09014,14.41635|50.09003,14.41596|50.08929,14.41563&destinations=50.08686,14.41723|50.08680,14.41776|50.08737,14.41821|50.08756,14.41862|50.09123,14.41834&mode=driving&units=metric&language=cs-CZ

== Response ==
{
   "destination_addresses" : [
      "Mariánské náměstí 5, 110 00 Praha 1, Česká republika",
      "Mariánské náměstí 158/3, 110 00 Praha-Praha 1, Česká republika",
      "Platnéřská 110/17, 110 00 Praha-Praha 1, Česká republika",
      "Platnéřská 19, 110 00 Praha 1, Česká republika",
      "Pařížská 43/30, 110 00 Praha-Praha 1, Česká republika"
   ],
   "origin_addresses" : [
      "Břehová 7, 110 00 Praha 1, Česká republika",
      "Na Rejdišti 2, 110 00 Praha 1, Česká republika",
      "17. listopadu 1, 110 00 Praha 1, Česká republika",
      "17. listopadu 2, 110 00 Praha, Česká republika",
      "náměstí Jana Palacha 1/2, 110 00 Praha-Praha 1, Česká republika"
   ],
   "rows" : [
      {
         "elements" : [
            {
               "distance" : {
                  "text" : "2,7 km",
                  "value" : 2699
               },
               "duration" : {
                  "text" : "7 min",
                  "value" : 425
               },
               "status" : "OK"
            },
            {
               "distance" : {
                  "text" : "0,8 km",
                  "value" : 800
               },
               "duration" : {
                  "text" : "2 min",
                  "value" : 149
               },
               "status" : "OK"
            },
            {
               "distance" : {
                  "text" : "0,8 km",
                  "value" : 788
               },
               "duration" : {
                  "text" : "2 min",
                  "value" : 128
               },
               "status" : "OK"
            },
            {
               "distance" : {
                  "text" : "0,8 km",
                  "value" : 822
               },
               "duration" : {
                  "text" : "2 min",
                  "value" : 132
               },
               "status" : "OK"
            },
            {
               "distance" : {
                  "text" : "0,2 km",
                  "value" : 228
               },
               "duration" : {
                  "text" : "1 min.",
                  "value" : 39
               },
               "status" : "OK"
            }
         ]
      },
      {
         "elements" : [
            {
               "distance" : {
                  "text" : "2,5 km",
                  "value" : 2549
               },
               "duration" : {
                  "text" : "7 min",
                  "value" : 396
               },
               "status" : "OK"
            },
            {
               "distance" : {
                  "text" : "0,6 km",
                  "value" : 649
               },
               "duration" : {
                  "text" : "2 min",
                  "value" : 120
               },
               "status" : "OK"
            },
            {
               "distance" : {
                  "text" : "0,6 km",
                  "value" : 638
               },
               "duration" : {
                  "text" : "2 min",
                  "value" : 99
               },
               "status" : "OK"
            },
            {
               "distance" : {
                  "text" : "0,7 km",
                  "value" : 671
               },
               "duration" : {
                  "text" : "2 min",
                  "value" : 103
               },
               "status" : "OK"
            },
            {
               "distance" : {
                  "text" : "0,3 km",
                  "value" : 312
               },
               "duration" : {
                  "text" : "1 min.",
                  "value" : 61
               },
               "status" : "OK"
            }
         ]
      },
      {
         "elements" : [
            {
               "distance" : {
                  "text" : "2,5 km",
                  "value" : 2472
               },
               "duration" : {
                  "text" : "6 min",
                  "value" : 383
               },
               "status" : "OK"
            },
            {
               "distance" : {
                  "text" : "0,6 km",
                  "value" : 572
               },
               "duration" : {
                  "text" : "2 min",
                  "value" : 107
               },
               "status" : "OK"
            },
            {
               "distance" : {
                  "text" : "0,6 km",
                  "value" : 561
               },
               "duration" : {
                  "text" : "1 min.",
                  "value" : 85
               },
               "status" : "OK"
            },
            {
               "distance" : {
                  "text" : "0,6 km",
                  "value" : 594
               },
               "duration" : {
                  "text" : "1 min.",
                  "value" : 89
               },
               "status" : "OK"
            },
            {
               "distance" : {
                  "text" : "0,3 km",
                  "value" : 262
               },
               "duration" : {
                  "text" : "1 min.",
                  "value" : 37
               },
               "status" : "OK"
            }
         ]
      },
      {
         "elements" : [
            {
               "distance" : {
                  "text" : "2,5 km",
                  "value" : 2452
               },
               "duration" : {
                  "text" : "6 min",
                  "value" : 381
               },
               "status" : "OK"
            },
            {
               "distance" : {
                  "text" : "0,6 km",
                  "value" : 553
               },
               "duration" : {
                  "text" : "2 min",
                  "value" : 105
               },
               "status" : "OK"
            },
            {
               "distance" : {
                  "text" : "0,5 km",
                  "value" : 541
               },
               "duration" : {
                  "text" : "1 min.",
                  "value" : 83
               },
               "status" : "OK"
            },
            {
               "distance" : {
                  "text" : "0,6 km",
                  "value" : 574
               },
               "duration" : {
                  "text" : "1 min.",
                  "value" : 87
               },
               "status" : "OK"
            },
            {
               "distance" : {
                  "text" : "0,3 km",
                  "value" : 281
               },
               "duration" : {
                  "text" : "1 min.",
                  "value" : 38
               },
               "status" : "OK"
            }
         ]
      },
      {
         "elements" : [
            {
               "distance" : {
                  "text" : "2,4 km",
                  "value" : 2365
               },
               "duration" : {
                  "text" : "6 min",
                  "value" : 361
               },
               "status" : "OK"
            },
            {
               "distance" : {
                  "text" : "0,5 km",
                  "value" : 466
               },
               "duration" : {
                  "text" : "1 min.",
                  "value" : 85
               },
               "status" : "OK"
            },
            {
               "distance" : {
                  "text" : "0,5 km",
                  "value" : 454
               },
               "duration" : {
                  "text" : "1 min.",
                  "value" : 64
               },
               "status" : "OK"
            },
            {
               "distance" : {
                  "text" : "0,5 km",
                  "value" : 487
               },
               "duration" : {
                  "text" : "1 min.",
                  "value" : 68
               },
               "status" : "OK"
            },
            {
               "distance" : {
                  "text" : "0,4 km",
                  "value" : 360
               },
               "duration" : {
                  "text" : "1 min.",
                  "value" : 45
               },
               "status" : "OK"
            }
         ]
      }
   ],
   "status" : "OK"
}
