== Request ==
Origin:
vz8: 50.09124,14.41621
vz9: 50.09049,14.41545
vz10: 50.09014,14.41635
vz11: 50.09003,14.41596
vz12: 50.08929,14.41563
Destination:
vz19: 50.09226,14.42012
vz20: 50.09106,14.41578
vz21: 50.09187,14.41714
vz22: 50.09063,14.42646
vz1: 50.08724,14.41749
URL:
http://maps.googleapis.com/maps/api/distancematrix/json?origins=50.09124,14.41621|50.09049,14.41545|50.09014,14.41635|50.09003,14.41596|50.08929,14.41563&destinations=50.09226,14.42012|50.09106,14.41578|50.09187,14.41714|50.09063,14.42646|50.08724,14.41749&mode=driving&units=metric&language=cs-CZ

== Response ==
{
   "destination_addresses" : [
      "Dušní 886/19, 110 00 Praha-Praha 1, Česká republika",
      "Dvořákovo nábřeží 78/4, 110 00 Praha-Praha 1, Česká republika",
      "Dvořákovo nábřeží 6, 110 00 Praha 1, Česká republika",
      "Dlouhá 35-37, 110 00 Praha 1, Česká republika",
      "Platnéřská 1-2, 110 00 Praha 1, Česká republika"
   ],
   "origin_addresses" : [
      "Břehová 7, 110 00 Praha 1, Česká republika",
      "Na Rejdišti 2, 110 00 Praha 1, Česká republika",
      "17. listopadu 1, 110 00 Praha 1, Česká republika",
      "17. listopadu 2, 110 00 Praha, Česká republika",
      "Široká 1, 110 00 Praha 1, Česká republika"
   ],
   "rows" : [
      {
         "elements" : [
            {
               "distance" : {
                  "text" : "0,5 km",
                  "value" : 481
               },
               "duration" : {
                  "text" : "1 min.",
                  "value" : 58
               },
               "status" : "OK"
            },
            {
               "distance" : {
                  "text" : "50 m",
                  "value" : 50
               },
               "duration" : {
                  "text" : "1 min.",
                  "value" : 15
               },
               "status" : "OK"
            },
            {
               "distance" : {
                  "text" : "0,3 km",
                  "value" : 294
               },
               "duration" : {
                  "text" : "1 min.",
                  "value" : 64
               },
               "status" : "OK"
            },
            {
               "distance" : {
                  "text" : "1,5 km",
                  "value" : 1464
               },
               "duration" : {
                  "text" : "3 min",
                  "value" : 168
               },
               "status" : "OK"
            },
            {
               "distance" : {
                  "text" : "0,7 km",
                  "value" : 735
               },
               "duration" : {
                  "text" : "2 min",
                  "value" : 121
               },
               "status" : "OK"
            }
         ]
      },
      {
         "elements" : [
            {
               "distance" : {
                  "text" : "0,6 km",
                  "value" : 565
               },
               "duration" : {
                  "text" : "1 min.",
                  "value" : 80
               },
               "status" : "OK"
            },
            {
               "distance" : {
                  "text" : "0,2 km",
                  "value" : 248
               },
               "duration" : {
                  "text" : "1 min.",
                  "value" : 77
               },
               "status" : "OK"
            },
            {
               "distance" : {
                  "text" : "0,4 km",
                  "value" : 378
               },
               "duration" : {
                  "text" : "1 min.",
                  "value" : 87
               },
               "status" : "OK"
            },
            {
               "distance" : {
                  "text" : "1,5 km",
                  "value" : 1548
               },
               "duration" : {
                  "text" : "3 min",
                  "value" : 191
               },
               "status" : "OK"
            },
            {
               "distance" : {
                  "text" : "0,6 km",
                  "value" : 584
               },
               "duration" : {
                  "text" : "2 min",
                  "value" : 92
               },
               "status" : "OK"
            }
         ]
      },
      {
         "elements" : [
            {
               "distance" : {
                  "text" : "0,5 km",
                  "value" : 514
               },
               "duration" : {
                  "text" : "1 min.",
                  "value" : 56
               },
               "status" : "OK"
            },
            {
               "distance" : {
                  "text" : "0,2 km",
                  "value" : 198
               },
               "duration" : {
                  "text" : "1 min.",
                  "value" : 53
               },
               "status" : "OK"
            },
            {
               "distance" : {
                  "text" : "0,3 km",
                  "value" : 327
               },
               "duration" : {
                  "text" : "1 min.",
                  "value" : 62
               },
               "status" : "OK"
            },
            {
               "distance" : {
                  "text" : "1,5 km",
                  "value" : 1498
               },
               "duration" : {
                  "text" : "3 min",
                  "value" : 166
               },
               "status" : "OK"
            },
            {
               "distance" : {
                  "text" : "0,5 km",
                  "value" : 507
               },
               "duration" : {
                  "text" : "1 min.",
                  "value" : 79
               },
               "status" : "OK"
            }
         ]
      },
      {
         "elements" : [
            {
               "distance" : {
                  "text" : "0,5 km",
                  "value" : 534
               },
               "duration" : {
                  "text" : "1 min.",
                  "value" : 57
               },
               "status" : "OK"
            },
            {
               "distance" : {
                  "text" : "0,2 km",
                  "value" : 218
               },
               "duration" : {
                  "text" : "1 min.",
                  "value" : 54
               },
               "status" : "OK"
            },
            {
               "distance" : {
                  "text" : "0,3 km",
                  "value" : 347
               },
               "duration" : {
                  "text" : "1 min.",
                  "value" : 63
               },
               "status" : "OK"
            },
            {
               "distance" : {
                  "text" : "1,5 km",
                  "value" : 1517
               },
               "duration" : {
                  "text" : "3 min",
                  "value" : 168
               },
               "status" : "OK"
            },
            {
               "distance" : {
                  "text" : "0,5 km",
                  "value" : 487
               },
               "duration" : {
                  "text" : "1 min.",
                  "value" : 76
               },
               "status" : "OK"
            }
         ]
      },
      {
         "elements" : [
            {
               "distance" : {
                  "text" : "0,6 km",
                  "value" : 613
               },
               "duration" : {
                  "text" : "1 min.",
                  "value" : 64
               },
               "status" : "OK"
            },
            {
               "distance" : {
                  "text" : "0,3 km",
                  "value" : 296
               },
               "duration" : {
                  "text" : "1 min.",
                  "value" : 61
               },
               "status" : "OK"
            },
            {
               "distance" : {
                  "text" : "0,4 km",
                  "value" : 426
               },
               "duration" : {
                  "text" : "1 min.",
                  "value" : 70
               },
               "status" : "OK"
            },
            {
               "distance" : {
                  "text" : "1,6 km",
                  "value" : 1596
               },
               "duration" : {
                  "text" : "3 min",
                  "value" : 174
               },
               "status" : "OK"
            },
            {
               "distance" : {
                  "text" : "0,4 km",
                  "value" : 401
               },
               "duration" : {
                  "text" : "1 min.",
                  "value" : 57
               },
               "status" : "OK"
            }
         ]
      }
   ],
   "status" : "OK"
}
