== Request ==
Origin:
vz17: 50.09007,14.42781
c3: 50.108938,14.441199
c2: 50.080754,14.431580
c1: 50.083638,14.434301
vz7: 50.09109,14.41819
Destination:
vz18: 50.09249,14.42532
vz16: 50.09075,14.42691
vz15: 50.09066,14.42586
vz14: 50.09237,14.42597
vz13: 50.09250,14.42635
URL:
http://maps.googleapis.com/maps/api/distancematrix/json?origins=50.09007,14.42781|50.108938,14.441199|50.080754,14.431580|50.083638,14.434301|50.09109,14.41819&destinations=50.09249,14.42532|50.09075,14.42691|50.09066,14.42586|50.09237,14.42597|50.09250,14.42635&mode=driving&units=metric&language=cs-CZ

== Response ==
{
   "destination_addresses" : [
      "Řásnovka 7, 110 00 Praha 1, Česká republika",
      "Dlouhá 727/39, 110 00 Praha-Praha 1, Česká republika",
      "Dlouhá 33, 110 00 Praha 1, Česká republika",
      "Řásnovka 1039/7, 110 00 Praha-Praha 1, Česká republika",
      "Řásnovka 7, 110 00 Praha 1, Česká republika"
   ],
   "origin_addresses" : [
      "Revoluční 1006/5, 110 00 Praha-Praha 1, Česká republika",
      "Nádraží Holešovice, 170 00 Praha-Praha 7, Česká republika",
      "Washingtonova 13, 110 00 Praha 1, Česká republika",
      "Vrchlického sady, 110 00 Praha 1, Česká republika",
      "Pařížská 205/23, 110 00 Praha-Josefov, Česká republika"
   ],
   "rows" : [
      {
         "elements" : [
            {
               "distance" : {
                  "text" : "1,0 km",
                  "value" : 1029
               },
               "duration" : {
                  "text" : "3 min",
                  "value" : 195
               },
               "status" : "OK"
            },
            {
               "distance" : {
                  "text" : "0,7 km",
                  "value" : 700
               },
               "duration" : {
                  "text" : "2 min",
                  "value" : 140
               },
               "status" : "OK"
            },
            {
               "distance" : {
                  "text" : "0,6 km",
                  "value" : 626
               },
               "duration" : {
                  "text" : "2 min",
                  "value" : 129
               },
               "status" : "OK"
            },
            {
               "distance" : {
                  "text" : "1,0 km",
                  "value" : 983
               },
               "duration" : {
                  "text" : "3 min",
                  "value" : 190
               },
               "status" : "OK"
            },
            {
               "distance" : {
                  "text" : "1,0 km",
                  "value" : 955
               },
               "duration" : {
                  "text" : "3 min",
                  "value" : 187
               },
               "status" : "OK"
            }
         ]
      },
      {
         "elements" : [
            {
               "distance" : {
                  "text" : "3,2 km",
                  "value" : 3240
               },
               "duration" : {
                  "text" : "6 min",
                  "value" : 363
               },
               "status" : "OK"
            },
            {
               "distance" : {
                  "text" : "3,4 km",
                  "value" : 3361
               },
               "duration" : {
                  "text" : "6 min",
                  "value" : 376
               },
               "status" : "OK"
            },
            {
               "distance" : {
                  "text" : "3,4 km",
                  "value" : 3436
               },
               "duration" : {
                  "text" : "6 min",
                  "value" : 387
               },
               "status" : "OK"
            },
            {
               "distance" : {
                  "text" : "3,2 km",
                  "value" : 3194
               },
               "duration" : {
                  "text" : "6 min",
                  "value" : 357
               },
               "status" : "OK"
            },
            {
               "distance" : {
                  "text" : "3,2 km",
                  "value" : 3166
               },
               "duration" : {
                  "text" : "6 min",
                  "value" : 354
               },
               "status" : "OK"
            }
         ]
      },
      {
         "elements" : [
            {
               "distance" : {
                  "text" : "2,9 km",
                  "value" : 2915
               },
               "duration" : {
                  "text" : "6 min",
                  "value" : 343
               },
               "status" : "OK"
            },
            {
               "distance" : {
                  "text" : "3,0 km",
                  "value" : 3036
               },
               "duration" : {
                  "text" : "6 min",
                  "value" : 355
               },
               "status" : "OK"
            },
            {
               "distance" : {
                  "text" : "3,1 km",
                  "value" : 3110
               },
               "duration" : {
                  "text" : "6 min",
                  "value" : 366
               },
               "status" : "OK"
            },
            {
               "distance" : {
                  "text" : "2,9 km",
                  "value" : 2869
               },
               "duration" : {
                  "text" : "6 min",
                  "value" : 338
               },
               "status" : "OK"
            },
            {
               "distance" : {
                  "text" : "2,8 km",
                  "value" : 2841
               },
               "duration" : {
                  "text" : "6 min",
                  "value" : 335
               },
               "status" : "OK"
            }
         ]
      },
      {
         "elements" : [
            {
               "distance" : {
                  "text" : "2,7 km",
                  "value" : 2715
               },
               "duration" : {
                  "text" : "5 min",
                  "value" : 270
               },
               "status" : "OK"
            },
            {
               "distance" : {
                  "text" : "2,8 km",
                  "value" : 2837
               },
               "duration" : {
                  "text" : "5 min",
                  "value" : 282
               },
               "status" : "OK"
            },
            {
               "distance" : {
                  "text" : "2,9 km",
                  "value" : 2911
               },
               "duration" : {
                  "text" : "5 min",
                  "value" : 293
               },
               "status" : "OK"
            },
            {
               "distance" : {
                  "text" : "2,7 km",
                  "value" : 2669
               },
               "duration" : {
                  "text" : "4 min",
                  "value" : 265
               },
               "status" : "OK"
            },
            {
               "distance" : {
                  "text" : "2,6 km",
                  "value" : 2642
               },
               "duration" : {
                  "text" : "4 min",
                  "value" : 262
               },
               "status" : "OK"
            }
         ]
      },
      {
         "elements" : [
            {
               "distance" : {
                  "text" : "1,0 km",
                  "value" : 968
               },
               "duration" : {
                  "text" : "2 min",
                  "value" : 116
               },
               "status" : "OK"
            },
            {
               "distance" : {
                  "text" : "1,3 km",
                  "value" : 1311
               },
               "duration" : {
                  "text" : "2 min",
                  "value" : 149
               },
               "status" : "OK"
            },
            {
               "distance" : {
                  "text" : "1,0 km",
                  "value" : 991
               },
               "duration" : {
                  "text" : "3 min",
                  "value" : 171
               },
               "status" : "OK"
            },
            {
               "distance" : {
                  "text" : "0,9 km",
                  "value" : 922
               },
               "duration" : {
                  "text" : "2 min",
                  "value" : 110
               },
               "status" : "OK"
            },
            {
               "distance" : {
                  "text" : "0,9 km",
                  "value" : 894
               },
               "duration" : {
                  "text" : "2 min",
                  "value" : 107
               },
               "status" : "OK"
            }
         ]
      }
   ],
   "status" : "OK"
}
